logs/46d7a1dd-24ad-4ebb-bfa3-b13f0ce61391.txt
val_bpb:enabled tokenizer_kind=sentencepiece tokenizer_path=../../../data/tokenizers/fineweb_1024_bpe.model
train_loader:dataset:fineweb10B_sp1024 train_shards:10
val_loader:shards pattern=../../../data/datasets/fineweb10B_sp1024/fineweb_val_*.bin tokens:62021632
feedback: mode=diagonal rank=2 per_pass=False params=2560
recurrence: core_start=3 core_end=8 num_passes=3 stem=3 core=5 tail=3
model_params:26927199
mtp_num_heads:0 mtp_loss_weight:0.2 mtp_params:0
XSA:last_4 active_layers:[8, 9, 10]
world_size:1 grad_accum_steps:8
sdp_backends:cudnn=False flash=True mem_efficient=False math=False
attention_mode:gqa num_heads:8 num_kv_heads:4
tie_embeddings:True embed_lr:0.035 head_lr:0.0 matrix_lr:0.025 scalar_lr:0.025
train_batch_tokens:786432 train_seq_len:2048 iterations:50 warmup_steps:5 max_wallclock_seconds:900.000
seed:1337
wandb: [wandb.login()] Loaded credentials for https://api.wandb.ai from WANDB_API_KEY.
wandb: Currently logged in as: nesta-midavaine (propensity) to https://api.wandb.ai. Use `wandb login --relogin` to force relogin
wandb: WARNING Using a boolean value for 'reinit' is deprecated. Use 'return_previous' or 'finish_previous' instead.
wandb: setting up run xtlv4t52
wandb: Tracking run with wandb version 0.25.1
wandb: Run data is saved locally in /home/nesta/parameter-golf/records/track_10min_16mb/2026-03-26_RecurrentSOTA_Feedback/wandb/run-20260326_115924-xtlv4t52
wandb: Run `wandb offline` to turn off syncing.
wandb: Syncing run ablation_3p_noRMS_j0.0
wandb: ⭐️ View project at https://wandb.ai/propensity/parameter-golf
wandb: 🚀 View run at https://wandb.ai/propensity/parameter-golf/runs/xtlv4t52
wandb:initialized
warmup_step:1/5
warmup_step:2/5
warmup_step:3/5
warmup_step:4/5
warmup_step:5/5
step:0/50 val_loss:6.9304 val_bpb:4.1046 train_time:0ms step_avg:0.01ms h_norms=['10160.2', '11311.6', '12555.0', '13896.3', '15332.5', '16950.8', '18657.9', '20459.0', '22380.8', '24439.6', '22273.3', '24354.9', '26573.0', '28946.4', '31482.6'] growth=['1.116', '1.113', '1.110', '1.107', '1.103', '1.106', '1.101', '1.097', '1.094', '1.092', '1.098', '1.093', '1.091', '1.089', '1.088']
step:1/50 train_loss:6.9310 train_time:2457ms step_avg:2456.70ms
step:2/50 train_loss:8.4480 train_time:4895ms step_avg:2447.55ms
step:3/50 train_loss:7.5656 train_time:7366ms step_avg:2455.22ms
step:4/50 train_loss:7.3715 train_time:9835ms step_avg:2458.84ms
step:5/50 train_loss:7.1882 train_time:12305ms step_avg:2460.94ms
step:6/50 train_loss:7.1200 train_time:14774ms step_avg:2462.35ms
step:7/50 train_loss:7.1275 train_time:17244ms step_avg:2463.46ms
step:8/50 train_loss:7.0234 train_time:19715ms step_avg:2464.42ms
step:9/50 train_loss:6.6287 train_time:22185ms step_avg:2465.05ms
step:10/50 train_loss:6.2775 train_time:24656ms step_avg:2465.57ms
step:20/50 train_loss:5.2073 train_time:49354ms step_avg:2467.72ms
step:25/50 val_loss:4.6001 val_bpb:2.7244 train_time:61743ms step_avg:2469.70ms h_norms=['18012.8', '20576.1', '23734.4', '27658.0', '32476.6', '39019.5', '47115.3', '57297.5', '70090.2', '85988.1', '66911.8', '82425.7', '101585.5', '125680.3', '156003.0'] growth=['1.133', '1.142', '1.153', '1.165', '1.174', '1.201', '1.207', '1.216', '1.223', '1.227', '1.228', '1.232', '1.232', '1.237', '1.241']
step:30/50 train_loss:4.3938 train_time:74062ms step_avg:2468.73ms
step:40/50 train_loss:4.0561 train_time:98772ms step_avg:2469.31ms
step:50/50 train_loss:3.8233 train_time:123613ms step_avg:2472.25ms
step:50/50 val_loss:3.7814 val_bpb:2.2396 train_time:123647ms step_avg:2472.93ms h_norms=['31577.0', '34240.9', '37755.1', '42362.9', '48395.2', '56432.3', '66325.1', '79064.0', '95012.0', '114485.4', '84419.3', '101309.9', '122596.9', '148869.6', '181094.1'] growth=['1.068', '1.084', '1.103', '1.122', '1.142', '1.166', '1.175', '1.192', '1.202', '1.205', '1.193', '1.200', '1.210', '1.214', '1.216']
peak memory allocated: 54207 MiB reserved: 55384 MiB
ema:applying EMA weights
DIAGNOSTIC post_ema val_loss:5.9416 val_bpb:3.5190 eval_time:67959ms
Serialized model: 106023671 bytes
Code size: 98931 bytes
Serialized model int6+lzma: 4809652 bytes
Total submission size int6+lzma: 4908583 bytes
final_int6_roundtrip val_loss:6.1789 val_bpb:3.6595 eval_time:67564ms
final_int6_roundtrip_exact val_loss:6.17886280 val_bpb:3.65947059
wandb: updating run metadata
wandb: uploading history steps 15-15, summary, console lines 30-31
wandb: 
wandb: Run history:
wandb:    lr_scale ▁▁▁▁▁▁▁▁▁▁▁▁▁▁
wandb: step_avg_ms ▄▁▃▄▅▅▆▆▆▆▇▇▇█
wandb:  train_loss ▆█▇▆▆▆▆▆▅▅▃▂▁▁
wandb:     val_bpb █▃▁
wandb:    val_loss █▃▁
wandb: 
wandb: Run summary:
wandb:    lr_scale 1
wandb: step_avg_ms 2472.25004
wandb:  train_loss 3.82329
wandb:     val_bpb 2.23957
wandb:    val_loss 3.78142
wandb: 
wandb: 🚀 View run ablation_3p_noRMS_j0.0 at: https://wandb.ai/propensity/parameter-golf/runs/xtlv4t52
wandb: ⭐️ View project at: https://wandb.ai/propensity/parameter-golf
wandb: Synced 5 W&B file(s), 0 media file(s), 0 artifact file(s) and 0 other file(s)
wandb: Find logs at: ./wandb/run-20260326_115924-xtlv4t52/logs
