logs/4bd1dcea-262c-45fd-b47c-6c1070e31866.txt
val_bpb:enabled tokenizer_kind=sentencepiece tokenizer_path=../../../data/tokenizers/fineweb_1024_bpe.model
train_loader:dataset:fineweb10B_sp1024 train_shards:10
val_loader:shards pattern=../../../data/datasets/fineweb10B_sp1024/fineweb_val_*.bin tokens:62021632
feedback: mode=diagonal rank=2 per_pass=False params=2560
recurrence: core_start=3 core_end=8 num_passes=3 stem=3 core=5 tail=3
model_params:26927199
mtp_num_heads:0 mtp_loss_weight:0.2 mtp_params:0
XSA:last_4 active_layers:[8, 9, 10]
world_size:1 grad_accum_steps:8
sdp_backends:cudnn=False flash=True mem_efficient=False math=False
attention_mode:gqa num_heads:8 num_kv_heads:4
tie_embeddings:True embed_lr:0.035 head_lr:0.0 matrix_lr:0.025 scalar_lr:0.025
train_batch_tokens:786432 train_seq_len:2048 iterations:50 warmup_steps:5 max_wallclock_seconds:900.000
seed:1337
wandb: [wandb.login()] Loaded credentials for https://api.wandb.ai from WANDB_API_KEY.
wandb: Currently logged in as: nesta-midavaine (propensity) to https://api.wandb.ai. Use `wandb login --relogin` to force relogin
wandb: WARNING Using a boolean value for 'reinit' is deprecated. Use 'return_previous' or 'finish_previous' instead.
wandb: setting up run 6rfmco93
wandb: Tracking run with wandb version 0.25.1
wandb: Run data is saved locally in /home/nesta/parameter-golf/records/track_10min_16mb/2026-03-26_RecurrentSOTA_Feedback/wandb/run-20260326_120745-6rfmco93
wandb: Run `wandb offline` to turn off syncing.
wandb: Syncing run ablation_3p_noRMS_j0.1
wandb: ⭐️ View project at https://wandb.ai/propensity/parameter-golf
wandb: 🚀 View run at https://wandb.ai/propensity/parameter-golf/runs/6rfmco93
wandb:initialized
warmup_step:1/5
warmup_step:2/5
warmup_step:3/5
warmup_step:4/5
warmup_step:5/5
step:0/50 val_loss:6.9304 val_bpb:4.1046 train_time:0ms step_avg:0.02ms h_norms=['10143.6', '11247.2', '12436.8', '13721.2', '15093.2', '16638.6', '18260.9', '19974.1', '21802.2', '23760.8', '21655.4', '23628.3', '25729.0', '27978.2', '30382.6'] growth=['1.110', '1.109', '1.106', '1.103', '1.100', '1.102', '1.098', '1.094', '1.092', '1.090', '1.095', '1.091', '1.089', '1.087', '1.086']
step:1/50 train_loss:6.9310 train_time:2474ms step_avg:2473.98ms
step:2/50 train_loss:8.4480 train_time:4928ms step_avg:2463.85ms
step:3/50 train_loss:7.5657 train_time:7414ms step_avg:2471.28ms
step:4/50 train_loss:7.4125 train_time:9901ms step_avg:2475.24ms
step:5/50 train_loss:7.2581 train_time:12387ms step_avg:2477.37ms
step:6/50 train_loss:7.1563 train_time:14873ms step_avg:2478.80ms
step:7/50 train_loss:7.1205 train_time:17358ms step_avg:2479.79ms
step:8/50 train_loss:7.0021 train_time:19845ms step_avg:2480.59ms
step:9/50 train_loss:6.6191 train_time:22332ms step_avg:2481.32ms
step:10/50 train_loss:6.2241 train_time:24818ms step_avg:2481.82ms
step:20/50 train_loss:4.8854 train_time:49674ms step_avg:2483.72ms
step:25/50 val_loss:4.4102 val_bpb:2.6119 train_time:62144ms step_avg:2485.74ms h_norms=['12925.3', '12168.2', '11607.0', '11186.7', '10890.7', '10691.3', '10518.0', '10429.2', '10384.9', '10395.0', '10468.4', '10350.9', '10317.8', '10323.0', '10377.5'] growth=['0.930', '0.941', '0.954', '0.964', '0.974', '0.982', '0.984', '0.992', '0.996', '1.001', '0.987', '0.989', '0.997', '1.001', '1.005']
step:30/50 train_loss:4.2124 train_time:74549ms step_avg:2484.96ms
step:40/50 train_loss:3.9336 train_time:99426ms step_avg:2485.66ms
step:50/50 train_loss:3.7638 train_time:124432ms step_avg:2488.64ms
step:50/50 val_loss:3.7456 val_bpb:2.2184 train_time:124466ms step_avg:2489.33ms h_norms=['20394.8', '18235.1', '16671.4', '15574.6', '14825.8', '14555.8', '14297.6', '14121.5', '14031.0', '13984.3', '14335.7', '14174.8', '14069.5', '14035.7', '14026.9'] growth=['0.871', '0.894', '0.914', '0.934', '0.952', '0.982', '0.982', '0.988', '0.994', '0.997', '0.991', '0.989', '0.993', '0.998', '0.999']
peak memory allocated: 54399 MiB reserved: 55768 MiB
ema:applying EMA weights
DIAGNOSTIC post_ema val_loss:5.9394 val_bpb:3.5176 eval_time:68125ms
Serialized model: 106023671 bytes
Code size: 98931 bytes
Serialized model int6+lzma: 4804840 bytes
Total submission size int6+lzma: 4903771 bytes
final_int6_roundtrip val_loss:6.1350 val_bpb:3.6335 eval_time:67734ms
final_int6_roundtrip_exact val_loss:6.13503683 val_bpb:3.63351438
wandb: updating run metadata
wandb: uploading history steps 15-15, summary, console lines 30-31
wandb: uploading output.log; uploading wandb-summary.json
wandb: uploading data
wandb: 
wandb: Run history:
wandb:    lr_scale ▁▁▁▁▁▁▁▁▁▁▁▁▁▁
wandb: step_avg_ms ▄▁▃▄▅▅▅▆▆▆▇▇▇█
wandb:  train_loss ▆█▇▆▆▆▆▆▅▅▃▂▁▁
wandb:     val_bpb █▂▁
wandb:    val_loss █▂▁
wandb: 
wandb: Run summary:
wandb:    lr_scale 1
wandb: step_avg_ms 2488.6422
wandb:  train_loss 3.76377
wandb:     val_bpb 2.21838
wandb:    val_loss 3.74564
wandb: 
wandb: 🚀 View run ablation_3p_noRMS_j0.1 at: https://wandb.ai/propensity/parameter-golf/runs/6rfmco93
wandb: ⭐️ View project at: https://wandb.ai/propensity/parameter-golf
wandb: Synced 5 W&B file(s), 0 media file(s), 0 artifact file(s) and 0 other file(s)
wandb: Find logs at: ./wandb/run-20260326_120745-6rfmco93/logs
