START full run: 4-pass baseline (no LoRA) TTT SWA, 80min (Thu Mar 26 23:01:24 UTC 2026)

=== FINAL RESULTS ===
stopping_early: wallclock_cap train_time:4800814ms step:3456/20000
peak memory allocated: 50545 MiB reserved: 50594 MiB
final_int6_roundtrip_exact val_loss:1.95735252 val_bpb:1.15925441
final_int6_sliding_window_exact val_loss:1.91642779 val_bpb:1.13501949
legal_ttt_exact val_loss:1.91163996 val_bpb:1.13218386
FINISHED (Fri Mar 27 01:46:16 UTC 2026)
python3.12/site-packages/torch/_dynamo/eval_frame.py", line 1263, in _fn
    return fn(*args, **kwargs)
           ^^^^^^^^^^^^^^^^^^^
  File "/home/nesta/parameter-golf/.venv/lib/python3.12/site-packages/torch/_inductor/output_code.py", line 656, in __call__
    return self.current_callable(inputs)
           ^^^^^^^^^^^^^^^^^^^^^^^^^^^^^
  File "/home/nesta/parameter-golf/.venv/lib/python3.12/site-packages/torch/_inductor/utils.py", line 3401, in run
    out = model(new_inputs)
          ^^^^^^^^^^^^^^^^^
  File "/tmp/torchinductor_nesta/wm/cwmtq2g54vzhxzvsc4odvxx7srlroi2tosqcftjhmyw2c637ogrq.py", line 12255, in call
    buf54 = empty_strided_cuda((48, 2048, 512), (1048576, 512, 1), torch.bfloat16)
            ^^^^^^^^^^^^^^^^^^^^^^^^^^^^^^^^^^^^^^^^^^^^^^^^^^^^^^^^^^^^^^^^^^^^^^
torch.OutOfMemoryError: CUDA out of memory. Tried to allocate 96.00 MiB. GPU 0 has a total capacity of 139.80 GiB of which 18.69 MiB is free. Process 448538 has 758.00 MiB memory in use. Process 448539 has 758.00 MiB memory in use. Process 448534 has 51.16 GiB memory in use. Process 448547 has 38.69 GiB memory in use. Including non-PyTorch memory, this process has 48.42 GiB memory in use. Of the allocated memory 47.76 GiB is allocated by PyTorch, and 3.37 MiB is reserved by PyTorch but unallocated. If reserved but unallocated memory is large try setting PYTORCH_CUDA_ALLOC_CONF=expandable_segments:True to avoid fragmentation.  See documentation for Memory Management  (https://docs.pytorch.org/docs/stable/notes/cuda.html#optimizing-memory-usage-with-pytorch-cuda-alloc-conf)
[1;34mwandb[0m: 
[1;34mwandb[0m: 🚀 View run [33mfull_4pass_baseline_80min[0m at: [34mhttps://wandb.ai/propensity/parameter-golf/runs/jkh80zal[0m
[1;34mwandb[0m: Find logs at: [1;35mwandb/run-20260326_230158-jkh80zal/logs[0m
[1;34mwandb[0m: 
[1;34mwandb[0m: 🚀 View run [33mfull_4pass_baseline_80min[0m at: [34mhttps://wandb.ai/propensity/parameter-golf/runs/fsi4c82a[0m
[1;34mwandb[0m: Find logs at: [1;35mwandb/run-20260326_230158-fsi4c82a/logs[0m
[1;34mwandb[0m: 
[1;34mwandb[0m: 🚀 View run [33mfull_4pass_baseline_80min[0m at: [34mhttps://wandb.ai/propensity/parameter-golf/runs/43bipylb[0m
[1;34mwandb[0m: Find logs at: [1;35mwandb/run-20260326_230158-43bipylb/logs[0m
[1;34mwandb[0m: 
[1;34mwandb[0m: 🚀 View run [33mfull_4pass_baseline_80min[0m at: [34mhttps://wandb.ai/propensity/parameter-golf/runs/zcabiozu[0m
[1;34mwandb[0m: Find logs at: [1;35mwandb/run-20260326_230158-zcabiozu/logs[0m
FINISHED (Thu Mar 26 23:02:28 UTC 2026)
