START full run: 2-pass 3-core (layers 4-6) TTT SWA, 80min (Fri Mar 27 08:09:55 UTC 2026)
logs/12c21058-a818-4f9e-b953-341912eb25a7.txt
val_bpb:enabled tokenizer_kind=sentencepiece tokenizer_path=../../../data/tokenizers/fineweb_1024_bpe.model
train_loader:dataset:fineweb10B_sp1024 train_shards:10
val_loader:shards pattern=../../../data/datasets/fineweb10B_sp1024/fineweb_val_*.bin tokens:62021632
feedback: mode=diagonal rank=2 per_pass=False params=2560
recurrence: core_start=4 core_end=7 num_passes=2 stem=4 core=3 tail=4
model_params:26927710
mtp_num_heads:0 mtp_loss_weight:0.2 mtp_params:0
XSA:last_4 active_layers:[7, 8, 9, 10]
world_size:1 grad_accum_steps:8
sdp_backends:cudnn=False flash=True mem_efficient=False math=False
attention_mode:gqa num_heads:8 num_kv_heads:4
tie_embeddings:True embed_lr:0.035 head_lr:0.0 matrix_lr:0.025 scalar_lr:0.025
train_batch_tokens:786432 train_seq_len:2048 iterations:20000 warmup_steps:20 max_wallclock_seconds:4800.000
seed:1337
wandb: [wandb.login()] Loaded credentials for https://api.wandb.ai from WANDB_API_KEY.
wandb: Currently logged in as: nesta-midavaine (propensity) to https://api.wandb.ai. Use `wandb login --relogin` to force relogin
wandb: WARNING Using a boolean value for 'reinit' is deprecated. Use 'return_previous' or 'finish_previous' instead.
wandb: setting up run p8sqkbqa
wandb: Tracking run with wandb version 0.25.1
wandb: Run data is saved locally in /home/nesta/parameter-golf/records/track_10min_16mb/2026-03-26_RecurrentSOTA_Feedback/wandb/run-20260327_080959-p8sqkbqa
wandb: Run `wandb offline` to turn off syncing.
wandb: Syncing run 2pass_3core_80min
wandb: ⭐️ View project at https://wandb.ai/propensity/parameter-golf
wandb: 🚀 View run at https://wandb.ai/propensity/parameter-golf/runs/p8sqkbqa
wandb:initialized
warmup_step:1/20
warmup_step:2/20
warmup_step:3/20
warmup_step:4/20
warmup_step:5/20
warmup_step:6/20
warmup_step:7/20
warmup_step:8/20
warmup_step:9/20
warmup_step:10/20
warmup_step:11/20
warmup_step:12/20
warmup_step:13/20
warmup_step:14/20
warmup_step:15/20
warmup_step:16/20
warmup_step:17/20
warmup_step:18/20
warmup_step:19/20
warmup_step:20/20
step:0/20000 val_loss:6.9304 val_bpb:4.1046 train_time:0ms step_avg:0.01ms
step:1/20000 train_loss:6.9310 grad_norm:0.3715 train_time:739ms step_avg:739.22ms
step:2/20000 train_loss:8.4759 grad_norm:3.5698 train_time:1441ms step_avg:720.50ms
step:3/20000 train_loss:7.5787 grad_norm:2.0259 train_time:2207ms step_avg:735.61ms
step:4/20000 train_loss:7.3563 grad_norm:1.4981 train_time:2972ms step_avg:742.93ms
step:5/20000 train_loss:7.1725 grad_norm:1.6464 train_time:3729ms step_avg:745.72ms
step:6/20000 train_loss:7.1055 grad_norm:1.5402 train_time:4489ms step_avg:748.20ms
step:7/20000 train_loss:7.0940 grad_norm:1.7366 train_time:5253ms step_avg:750.42ms
step:8/20000 train_loss:6.9891 grad_norm:1.2439 train_time:6012ms step_avg:751.51ms
step:9/20000 train_loss:6.6063 grad_norm:0.9271 train_time:6770ms step_avg:752.25ms
step:10/20000 train_loss:6.2335 grad_norm:0.8702 train_time:7539ms step_avg:753.87ms
step:50/20000 train_loss:3.7232 grad_norm:0.7000 train_time:38194ms step_avg:763.87ms
step:100/20000 train_loss:3.2045 grad_norm:0.8824 train_time:76601ms step_avg:766.01ms
step:150/20000 train_loss:2.8496 grad_norm:0.3729 train_time:114956ms step_avg:766.37ms
step:200/20000 train_loss:2.6184 grad_norm:0.3442 train_time:153346ms step_avg:766.73ms
step:250/20000 train_loss:2.6059 grad_norm:0.2754 train_time:191710ms step_avg:766.84ms
step:300/20000 train_loss:2.4690 grad_norm:0.3187 train_time:230112ms step_avg:767.04ms
step:350/20000 train_loss:2.5041 grad_norm:0.1730 train_time:268510ms step_avg:767.17ms
step:400/20000 train_loss:2.4246 grad_norm:0.2139 train_time:306906ms step_avg:767.26ms
step:450/20000 train_loss:2.2470 grad_norm:0.1624 train_time:345332ms step_avg:767.40ms
step:500/20000 train_loss:2.3033 grad_norm:0.1807 train_time:383744ms step_avg:767.49ms
step:500/20000 val_loss:2.3232 val_bpb:1.3759 train_time:383791ms step_avg:767.58ms
step:550/20000 train_loss:2.3638 grad_norm:0.1696 train_time:422169ms step_avg:767.58ms
step:600/20000 train_loss:2.2655 grad_norm:0.1474 train_time:460616ms step_avg:767.69ms
step:650/20000 train_loss:2.2434 grad_norm:0.1741 train_time:499080ms step_avg:767.82ms
step:700/20000 train_loss:2.3153 grad_norm:0.1303 train_time:537548ms step_avg:767.93ms
step:750/20000 train_loss:2.2883 grad_norm:0.0978 train_time:576022ms step_avg:768.03ms
step:800/20000 train_loss:2.2638 grad_norm:0.0930 train_time:614511ms step_avg:768.14ms
step:850/20000 train_loss:2.1916 grad_norm:0.0668 train_time:653031ms step_avg:768.27ms
step:900/20000 train_loss:2.1043 grad_norm:0.0706 train_time:691568ms step_avg:768.41ms
step:950/20000 train_loss:2.3072 grad_norm:0.0614 train_time:730098ms step_avg:768.52ms
step:1000/20000 train_loss:2.2373 grad_norm:0.0756 train_time:768630ms step_avg:768.63ms
step:1000/20000 val_loss:2.1827 val_bpb:1.2927 train_time:768677ms step_avg:768.68ms
step:1050/20000 train_loss:2.1577 grad_norm:0.0518 train_time:807163ms step_avg:768.73ms
step:1100/20000 train_loss:2.1862 grad_norm:0.1172 train_time:845684ms step_avg:768.80ms
step:1150/20000 train_loss:2.1385 grad_norm:0.0562 train_time:884226ms step_avg:768.89ms
step:1200/20000 train_loss:2.1870 grad_norm:0.1121 train_time:922748ms step_avg:768.96ms
step:1250/20000 train_loss:2.2093 grad_norm:0.0998 train_time:961291ms step_avg:769.03ms
step:1300/20000 train_loss:2.1788 grad_norm:0.0968 train_time:999829ms step_avg:769.10ms
step:1350/20000 train_loss:2.1574 grad_norm:0.1471 train_time:1038366ms step_avg:769.16ms
step:1400/20000 train_loss:2.1680 grad_norm:0.0608 train_time:1076900ms step_avg:769.21ms
step:1450/20000 train_loss:2.1623 grad_norm:0.0881 train_time:1115450ms step_avg:769.28ms
step:1500/20000 train_loss:2.1325 grad_norm:0.0715 train_time:1153976ms step_avg:769.32ms
step:1500/20000 val_loss:2.1196 val_bpb:1.2554 train_time:1154023ms step_avg:769.35ms
step:1550/20000 train_loss:2.1034 grad_norm:0.0555 train_time:1192498ms step_avg:769.35ms
step:1600/20000 train_loss:2.1841 grad_norm:0.0690 train_time:1231045ms step_avg:769.40ms
step:1650/20000 train_loss:1.9679 grad_norm:0.0623 train_time:1269584ms step_avg:769.44ms
step:1700/20000 train_loss:2.0979 grad_norm:0.1024 train_time:1308158ms step_avg:769.50ms
step:1750/20000 train_loss:2.0668 grad_norm:0.0916 train_time:1346716ms step_avg:769.55ms
step:1800/20000 train_loss:2.1070 grad_norm:0.0947 train_time:1385264ms step_avg:769.59ms
step:1850/20000 train_loss:2.1232 grad_norm:0.0632 train_time:1423808ms step_avg:769.63ms
step:1900/20000 train_loss:2.0734 grad_norm:0.0745 train_time:1462341ms step_avg:769.65ms
step:1950/20000 train_loss:2.0600 grad_norm:0.1123 train_time:1500897ms step_avg:769.69ms
step:2000/20000 train_loss:2.3179 grad_norm:0.0744 train_time:1539440ms step_avg:769.72ms
step:2000/20000 val_loss:2.0970 val_bpb:1.2420 train_time:1539487ms step_avg:769.74ms
step:2050/20000 train_loss:2.0834 grad_norm:0.0576 train_time:1577995ms step_avg:769.75ms
step:2100/20000 train_loss:2.0619 grad_norm:0.0535 train_time:1616543ms step_avg:769.78ms
step:2150/20000 train_loss:2.0442 grad_norm:0.0773 train_time:1655080ms step_avg:769.80ms
step:2200/20000 train_loss:2.2001 grad_norm:0.0771 train_time:1693618ms step_avg:769.83ms
step:2250/20000 train_loss:2.0929 grad_norm:0.0580 train_time:1732173ms step_avg:769.85ms
step:2300/20000 train_loss:2.0744 grad_norm:0.0679 train_time:1770710ms step_avg:769.87ms
step:2350/20000 train_loss:2.0331 grad_norm:0.1111 train_time:1809258ms step_avg:769.90ms
step:2400/20000 train_loss:2.1487 grad_norm:0.0711 train_time:1847814ms step_avg:769.92ms
step:2450/20000 train_loss:2.1108 grad_norm:0.0571 train_time:1886353ms step_avg:769.94ms
step:2500/20000 train_loss:2.0727 grad_norm:0.0554 train_time:1924887ms step_avg:769.95ms
step:2500/20000 val_loss:2.0778 val_bpb:1.2306 train_time:1924935ms step_avg:769.97ms
step:2550/20000 train_loss:2.0748 grad_norm:0.0686 train_time:1963451ms step_avg:769.98ms
step:2600/20000 train_loss:2.0557 grad_norm:0.0604 train_time:2001997ms step_avg:770.00ms
step:2650/20000 train_loss:2.0616 grad_norm:0.0686 train_time:2040534ms step_avg:770.01ms
step:2700/20000 train_loss:2.0896 grad_norm:0.1260 train_time:2079065ms step_avg:770.02ms
step:2750/20000 train_loss:2.0721 grad_norm:0.0683 train_time:2117609ms step_avg:770.04ms
step:2800/20000 train_loss:2.1120 grad_norm:0.0617 train_time:2156137ms step_avg:770.05ms
step:2850/20000 train_loss:2.0672 grad_norm:0.0618 train_time:2194684ms step_avg:770.06ms
step:2900/20000 train_loss:2.0771 grad_norm:0.0606 train_time:2233233ms step_avg:770.08ms
step:2950/20000 train_loss:2.1240 grad_norm:0.0555 train_time:2271768ms step_avg:770.09ms
step:3000/20000 train_loss:2.0159 grad_norm:0.1451 train_time:2310313ms step_avg:770.10ms
step:3000/20000 val_loss:2.0668 val_bpb:1.2241 train_time:2310360ms step_avg:770.12ms
step:3050/20000 train_loss:2.0182 grad_norm:0.0595 train_time:2348849ms step_avg:770.11ms
step:3100/20000 train_loss:2.0905 grad_norm:0.1292 train_time:2387390ms step_avg:770.13ms
step:3150/20000 train_loss:2.1075 grad_norm:0.0625 train_time:2425926ms step_avg:770.14ms
step:3200/20000 train_loss:2.0823 grad_norm:0.0562 train_time:2464469ms step_avg:770.15ms
step:3250/20000 train_loss:2.0517 grad_norm:0.0675 train_time:2502996ms step_avg:770.15ms
step:3300/20000 train_loss:2.0328 grad_norm:0.0879 train_time:2541545ms step_avg:770.17ms
step:3350/20000 train_loss:2.0720 grad_norm:0.0532 train_time:2580093ms step_avg:770.18ms
step:3400/20000 train_loss:2.1303 grad_norm:0.1521 train_time:2618607ms step_avg:770.18ms
step:3450/20000 train_loss:2.0795 grad_norm:0.0880 train_time:2657152ms step_avg:770.19ms
step:3500/20000 train_loss:2.0592 grad_norm:0.0568 train_time:2695692ms step_avg:770.20ms
step:3500/20000 val_loss:2.0566 val_bpb:1.2180 train_time:2695739ms step_avg:770.21ms
step:3550/20000 train_loss:2.0263 grad_norm:0.1106 train_time:2734239ms step_avg:770.21ms
step:3600/20000 train_loss:2.0242 grad_norm:0.0546 train_time:2772777ms step_avg:770.22ms
step:3650/20000 train_loss:2.0434 grad_norm:0.0792 train_time:2811292ms step_avg:770.22ms
step:3700/20000 train_loss:2.0376 grad_norm:0.0698 train_time:2849835ms step_avg:770.23ms
step:3750/20000 train_loss:2.0472 grad_norm:0.0748 train_time:2888385ms step_avg:770.24ms
step:3800/20000 train_loss:2.0429 grad_norm:0.0871 train_time:2926943ms step_avg:770.25ms
step:3850/20000 train_loss:2.0756 grad_norm:0.0799 train_time:2965493ms step_avg:770.26ms
step:3900/20000 train_loss:2.0692 grad_norm:0.0643 train_time:3004035ms step_avg:770.27ms
step:3950/20000 train_loss:2.0267 grad_norm:0.0667 train_time:3042573ms step_avg:770.27ms
step:4000/20000 train_loss:2.0478 grad_norm:0.1092 train_time:3081111ms step_avg:770.28ms
step:4000/20000 val_loss:2.0501 val_bpb:1.2142 train_time:3081158ms step_avg:770.29ms
step:4050/20000 train_loss:2.0524 grad_norm:0.0595 train_time:3119653ms step_avg:770.28ms
step:4100/20000 train_loss:1.9268 grad_norm:0.0611 train_time:3158208ms step_avg:770.29ms
step:4150/20000 train_loss:2.0567 grad_norm:0.0683 train_time:3196731ms step_avg:770.30ms
step:4200/20000 train_loss:2.0971 grad_norm:0.0701 train_time:3235281ms step_avg:770.30ms
step:4250/20000 train_loss:2.0465 grad_norm:0.0670 train_time:3273811ms step_avg:770.31ms
step:4300/20000 train_loss:2.0333 grad_norm:0.0543 train_time:3312336ms step_avg:770.31ms
step:4350/20000 train_loss:2.0258 grad_norm:0.0616 train_time:3350887ms step_avg:770.32ms
step:4400/20000 train_loss:2.0344 grad_norm:0.0614 train_time:3389423ms step_avg:770.32ms
step:4450/20000 train_loss:2.0645 grad_norm:0.0506 train_time:3427944ms step_avg:770.32ms
step:4500/20000 train_loss:2.0679 grad_norm:0.0550 train_time:3466466ms step_avg:770.33ms
step:4500/20000 val_loss:2.0466 val_bpb:1.2121 train_time:3466512ms step_avg:770.34ms
step:4550/20000 train_loss:2.0316 grad_norm:0.0607 train_time:3505002ms step_avg:770.33ms
step:4600/20000 train_loss:1.9490 grad_norm:0.0543 train_time:3543530ms step_avg:770.33ms
step:4650/20000 train_loss:2.0275 grad_norm:0.0590 train_time:3582052ms step_avg:770.33ms
step:4700/20000 train_loss:2.0597 grad_norm:0.1022 train_time:3620609ms step_avg:770.34ms
step:4750/20000 train_loss:2.0241 grad_norm:0.1000 train_time:3659144ms step_avg:770.35ms
step:4800/20000 train_loss:2.0349 grad_norm:0.0580 train_time:3697672ms step_avg:770.35ms
step:4850/20000 train_loss:2.0473 grad_norm:0.0532 train_time:3736199ms step_avg:770.35ms
step:4900/20000 train_loss:2.0297 grad_norm:0.0634 train_time:3774723ms step_avg:770.35ms
step:4950/20000 train_loss:1.9799 grad_norm:0.0504 train_time:3813238ms step_avg:770.35ms
step:5000/20000 train_loss:2.0735 grad_norm:0.0549 train_time:3851805ms step_avg:770.36ms
step:5000/20000 val_loss:2.0184 val_bpb:1.1954 train_time:3851852ms step_avg:770.37ms
step:5050/20000 train_loss:1.9940 grad_norm:0.0666 train_time:3890332ms step_avg:770.36ms
step:5100/20000 train_loss:1.9998 grad_norm:0.0478 train_time:3928885ms step_avg:770.37ms
step:5150/20000 train_loss:2.0985 grad_norm:0.0906 train_time:3967424ms step_avg:770.37ms
step:5200/20000 train_loss:2.0041 grad_norm:0.0450 train_time:4005964ms step_avg:770.38ms
step:5250/20000 train_loss:1.9757 grad_norm:0.0451 train_time:4044484ms step_avg:770.38ms
step:5300/20000 train_loss:1.9557 grad_norm:0.0544 train_time:4083005ms step_avg:770.38ms
step:5350/20000 train_loss:1.9972 grad_norm:0.0399 train_time:4121527ms step_avg:770.38ms
step:5400/20000 train_loss:2.0035 grad_norm:0.0433 train_time:4160051ms step_avg:770.38ms
step:5450/20000 train_loss:2.0130 grad_norm:0.0411 train_time:4198561ms step_avg:770.38ms
step:5500/20000 train_loss:2.0100 grad_norm:0.0376 train_time:4237081ms step_avg:770.38ms
step:5500/20000 val_loss:1.9818 val_bpb:1.1737 train_time:4237128ms step_avg:770.39ms
step:5550/20000 train_loss:1.9694 grad_norm:0.0464 train_time:4275608ms step_avg:770.38ms
step:5600/20000 train_loss:1.9396 grad_norm:0.0419 train_time:4314139ms step_avg:770.38ms
step:5650/20000 train_loss:2.0040 grad_norm:0.0377 train_time:4352662ms step_avg:770.38ms
step:5700/20000 train_loss:1.9579 grad_norm:0.0492 train_time:4391196ms step_avg:770.39ms
step:5750/20000 train_loss:1.9341 grad_norm:0.0370 train_time:4429712ms step_avg:770.38ms
step:5800/20000 train_loss:1.8494 grad_norm:0.0476 train_time:4468236ms step_avg:770.39ms
step:5850/20000 train_loss:1.8418 grad_norm:0.0404 train_time:4506763ms step_avg:770.39ms
swa:start step:5900
step:5900/20000 train_loss:1.9171 grad_norm:0.0399 train_time:4545281ms step_avg:770.39ms
step:5950/20000 train_loss:1.9844 grad_norm:0.0432 train_time:4583947ms step_avg:770.41ms
late_qat:enabled step:5976 scale:0.1496 core_quant:on
step:6000/20000 train_loss:1.9423 grad_norm:0.0376 train_time:4656702ms step_avg:776.12ms
step:6000/20000 val_loss:1.9425 val_bpb:1.1505 train_time:4656808ms step_avg:776.13ms
step:6050/20000 train_loss:1.9037 grad_norm:0.0447 train_time:4695045ms step_avg:776.04ms
step:6100/20000 train_loss:1.9130 grad_norm:0.0341 train_time:4733411ms step_avg:775.97ms
step:6150/20000 train_loss:1.9282 grad_norm:0.0331 train_time:4771676ms step_avg:775.88ms
step:6188/20000 val_loss:1.9310 val_bpb:1.1437 train_time:4800792ms step_avg:775.82ms
stopping_early: wallclock_cap train_time:4800792ms step:6188/20000
peak memory allocated: 28656 MiB reserved: 28704 MiB
ema:applying EMA weights
DIAGNOSTIC post_ema val_loss:1.9264 val_bpb:1.1409 eval_time:18187ms
Serialized model: 106025719 bytes
Code size: 105268 bytes
Serialized model int6+lzma: 16459152 bytes
Total submission size int6+lzma: 16564420 bytes
final_int6_roundtrip val_loss:1.9355 val_bpb:1.1463 eval_time:36060ms
final_int6_roundtrip_exact val_loss:1.93549859 val_bpb:1.14631129
final_int6_sliding_window val_loss:1.8956 val_bpb:1.1227 stride:64 eval_time:643423ms
final_int6_sliding_window_exact val_loss:1.89556561 val_bpb:1.12266370
final_int8_zlib_roundtrip_exact val_loss:1.89556561 val_bpb:1.12266370
ttt_sliding:start chunks=1893 chunk_tokens=32768 total_windows=969088 stride=64 ttt_lr=0.002 ttt_epochs=3 freeze_blocks=2
ttt_sliding:params unfrozen=26923598 frozen=4112
  ttt_chunk [1/1893] bpb=1.213507 time=1.2s
  ttt_chunk [11/1893] bpb=1.115005 time=11.9s
  ttt_chunk [21/1893] bpb=1.124115 time=22.5s
  ttt_chunk [31/1893] bpb=1.129630 time=33.2s
  ttt_chunk [41/1893] bpb=1.125661 time=43.9s
  ttt_chunk [51/1893] bpb=1.127271 time=54.6s
  ttt_chunk [61/1893] bpb=1.131076 time=65.2s
  ttt_chunk [71/1893] bpb=1.129445 time=75.9s
  ttt_chunk [81/1893] bpb=1.125956 time=86.6s
  ttt_chunk [91/1893] bpb=1.125065 time=97.3s
  ttt_chunk [101/1893] bpb=1.126017 time=107.9s
  ttt_chunk [111/1893] bpb=1.126115 time=118.6s
  ttt_chunk [121/1893] bpb=1.122503 time=129.3s
  ttt_chunk [131/1893] bpb=1.121744 time=139.9s
  ttt_chunk [141/1893] bpb=1.120618 time=150.6s
  ttt_chunk [151/1893] bpb=1.120790 time=161.3s
  ttt_chunk [161/1893] bpb=1.121623 time=172.0s
  ttt_chunk [171/1893] bpb=1.123693 time=182.6s
  ttt_chunk [181/1893] bpb=1.123772 time=193.3s
  ttt_chunk [191/1893] bpb=1.126204 time=204.0s
  ttt_chunk [201/1893] bpb=1.125769 time=214.6s
  ttt_chunk [211/1893] bpb=1.124798 time=225.3s
  ttt_chunk [221/1893] bpb=1.125694 time=236.0s
  ttt_chunk [231/1893] bpb=1.125431 time=246.7s
  ttt_chunk [241/1893] bpb=1.125671 time=257.3s
  ttt_chunk [251/1893] bpb=1.125230 time=268.0s
  ttt_chunk [261/1893] bpb=1.124541 time=278.7s
  ttt_chunk [271/1893] bpb=1.123621 time=289.3s
  ttt_chunk [281/1893] bpb=1.125199 time=300.0s
  ttt_chunk [291/1893] bpb=1.124816 time=310.7s
  ttt_chunk [301/1893] bpb=1.125690 time=321.3s
  ttt_chunk [311/1893] bpb=1.125780 time=332.0s
  ttt_chunk [321/1893] bpb=1.126532 time=342.7s
  ttt_chunk [331/1893] bpb=1.125992 time=353.4s
  ttt_chunk [341/1893] bpb=1.125619 time=364.0s
  ttt_chunk [351/1893] bpb=1.126331 time=374.7s
  ttt_chunk [361/1893] bpb=1.127106 time=385.4s
  ttt_chunk [371/1893] bpb=1.126994 time=396.0s
  ttt_chunk [381/1893] bpb=1.126771 time=406.7s
  ttt_chunk [391/1893] bpb=1.127473 time=417.4s
  ttt_chunk [401/1893] bpb=1.127019 time=428.0s
  ttt_chunk [411/1893] bpb=1.126072 time=438.7s
  ttt_chunk [421/1893] bpb=1.126211 time=449.4s
  ttt_chunk [431/1893] bpb=1.126627 time=460.1s
  ttt_chunk [441/1893] bpb=1.126026 time=470.7s
  ttt_chunk [451/1893] bpb=1.126178 time=481.4s
  ttt_chunk [461/1893] bpb=1.126064 time=492.1s
  ttt_chunk [471/1893] bpb=1.125649 time=502.7s
  ttt_chunk [481/1893] bpb=1.125465 time=513.4s
  ttt_chunk [491/1893] bpb=1.125641 time=524.1s
  ttt_chunk [501/1893] bpb=1.125403 time=534.8s
  ttt_chunk [511/1893] bpb=1.124922 time=545.4s
  ttt_chunk [521/1893] bpb=1.124606 time=556.1s
  ttt_chunk [531/1893] bpb=1.125329 time=566.8s
  ttt_chunk [541/1893] bpb=1.125457 time=577.5s
  ttt_chunk [551/1893] bpb=1.124939 time=588.1s
  ttt_chunk [561/1893] bpb=1.124808 time=598.8s
  ttt_chunk [571/1893] bpb=1.124539 time=609.5s
  ttt_chunk [581/1893] bpb=1.124189 time=620.1s
  ttt_chunk [591/1893] bpb=1.123646 time=630.8s
  ttt_chunk [601/1893] bpb=1.123663 time=641.5s
  ttt_chunk [611/1893] bpb=1.123360 time=652.2s
  ttt_chunk [621/1893] bpb=1.123207 time=662.8s
  ttt_chunk [631/1893] bpb=1.122962 time=673.5s
  ttt_chunk [641/1893] bpb=1.122517 time=684.2s
  ttt_chunk [651/1893] bpb=1.122074 time=694.8s
  ttt_chunk [661/1893] bpb=1.121970 time=705.5s
  ttt_chunk [671/1893] bpb=1.121500 time=716.2s
  ttt_chunk [681/1893] bpb=1.120954 time=726.9s
  ttt_chunk [691/1893] bpb=1.121049 time=737.5s
  ttt_chunk [701/1893] bpb=1.120237 time=748.2s
  ttt_chunk [711/1893] bpb=1.120250 time=758.9s
  ttt_chunk [721/1893] bpb=1.120159 time=769.5s
  ttt_chunk [731/1893] bpb=1.120390 time=780.2s
  ttt_chunk [741/1893] bpb=1.120277 time=790.9s
  ttt_chunk [751/1893] bpb=1.119980 time=801.6s
  ttt_chunk [761/1893] bpb=1.120120 time=812.2s
  ttt_chunk [771/1893] bpb=1.119952 time=822.9s
  ttt_chunk [781/1893] bpb=1.120123 time=833.6s
  ttt_chunk [791/1893] bpb=1.119975 time=844.2s
  ttt_chunk [801/1893] bpb=1.119907 time=854.9s
  ttt_chunk [811/1893] bpb=1.119919 time=865.6s
  ttt_chunk [821/1893] bpb=1.119806 time=876.3s
  ttt_chunk [831/1893] bpb=1.119523 time=886.9s
  ttt_chunk [841/1893] bpb=1.119272 time=897.6s
  ttt_chunk [851/1893] bpb=1.119326 time=908.3s
  ttt_chunk [861/1893] bpb=1.119397 time=919.0s
  ttt_chunk [871/1893] bpb=1.119597 time=929.6s
  ttt_chunk [881/1893] bpb=1.119595 time=940.3s
  ttt_chunk [891/1893] bpb=1.119057 time=951.0s
  ttt_chunk [901/1893] bpb=1.119066 time=961.6s
  ttt_chunk [911/1893] bpb=1.118915 time=972.3s
  ttt_chunk [921/1893] bpb=1.119057 time=983.0s
  ttt_chunk [931/1893] bpb=1.119000 time=993.7s
  ttt_chunk [941/1893] bpb=1.119211 time=1004.3s
  ttt_chunk [951/1893] bpb=1.119510 time=1015.0s
  ttt_chunk [961/1893] bpb=1.119814 time=1025.7s
  ttt_chunk [971/1893] bpb=1.120172 time=1036.4s
  ttt_chunk [981/1893] bpb=1.120386 time=1047.0s
  ttt_chunk [991/1893] bpb=1.120296 time=1057.7s
  ttt_chunk [1001/1893] bpb=1.120622 time=1068.4s
  ttt_chunk [1011/1893] bpb=1.120769 time=1079.0s
  ttt_chunk [1021/1893] bpb=1.121058 time=1089.7s
  ttt_chunk [1031/1893] bpb=1.121451 time=1100.4s
  ttt_chunk [1041/1893] bpb=1.121962 time=1111.0s
  ttt_chunk [1051/1893] bpb=1.121834 time=1121.7s
  ttt_chunk [1061/1893] bpb=1.121931 time=1132.4s
  ttt_chunk [1071/1893] bpb=1.122074 time=1143.1s
  ttt_chunk [1081/1893] bpb=1.122119 time=1153.7s
  ttt_chunk [1091/1893] bpb=1.122380 time=1164.4s
  ttt_chunk [1101/1893] bpb=1.122531 time=1175.1s
  ttt_chunk [1111/1893] bpb=1.122350 time=1185.7s
  ttt_chunk [1121/1893] bpb=1.122124 time=1196.4s
  ttt_chunk [1131/1893] bpb=1.122020 time=1207.1s
  ttt_chunk [1141/1893] bpb=1.121778 time=1217.7s
  ttt_chunk [1151/1893] bpb=1.121805 time=1228.4s
  ttt_chunk [1161/1893] bpb=1.121646 time=1239.1s
  ttt_chunk [1171/1893] bpb=1.121470 time=1249.7s
  ttt_chunk [1181/1893] bpb=1.121248 time=1260.4s
  ttt_chunk [1191/1893] bpb=1.121404 time=1271.1s
  ttt_chunk [1201/1893] bpb=1.121610 time=1281.8s
  ttt_chunk [1211/1893] bpb=1.121209 time=1292.4s
  ttt_chunk [1221/1893] bpb=1.121550 time=1303.1s
  ttt_chunk [1231/1893] bpb=1.121493 time=1313.8s
  ttt_chunk [1241/1893] bpb=1.121200 time=1324.4s
  ttt_chunk [1251/1893] bpb=1.120654 time=1335.1s
  ttt_chunk [1261/1893] bpb=1.120400 time=1345.8s
  ttt_chunk [1271/1893] bpb=1.120154 time=1356.4s
  ttt_chunk [1281/1893] bpb=1.119845 time=1367.1s
  ttt_chunk [1291/1893] bpb=1.119603 time=1377.8s
  ttt_chunk [1301/1893] bpb=1.119559 time=1388.4s
  ttt_chunk [1311/1893] bpb=1.119294 time=1399.1s
  ttt_chunk [1321/1893] bpb=1.119006 time=1409.8s
  ttt_chunk [1331/1893] bpb=1.118778 time=1420.5s
  ttt_chunk [1341/1893] bpb=1.118650 time=1431.1s
  ttt_chunk [1351/1893] bpb=1.118499 time=1441.8s
  ttt_chunk [1361/1893] bpb=1.118620 time=1452.5s
  ttt_chunk [1371/1893] bpb=1.118833 time=1463.1s
  ttt_chunk [1381/1893] bpb=1.119039 time=1473.8s
  ttt_chunk [1391/1893] bpb=1.118831 time=1484.5s
  ttt_chunk [1401/1893] bpb=1.118873 time=1495.1s
  ttt_chunk [1411/1893] bpb=1.118989 time=1505.8s
  ttt_chunk [1421/1893] bpb=1.118980 time=1516.5s
  ttt_chunk [1431/1893] bpb=1.118955 time=1527.1s
  ttt_chunk [1441/1893] bpb=1.119428 time=1537.8s
  ttt_chunk [1451/1893] bpb=1.119298 time=1548.5s
  ttt_chunk [1461/1893] bpb=1.119224 time=1559.2s
  ttt_chunk [1471/1893] bpb=1.119815 time=1569.8s
  ttt_chunk [1481/1893] bpb=1.119692 time=1580.5s
  ttt_chunk [1491/1893] bpb=1.120064 time=1591.2s
  ttt_chunk [1501/1893] bpb=1.120046 time=1601.9s
  ttt_chunk [1511/1893] bpb=1.119995 time=1612.5s
  ttt_chunk [1521/1893] bpb=1.120109 time=1623.2s
  ttt_chunk [1531/1893] bpb=1.120314 time=1633.9s
  ttt_chunk [1541/1893] bpb=1.120389 time=1644.6s
  ttt_chunk [1551/1893] bpb=1.120624 time=1655.2s
  ttt_chunk [1561/1893] bpb=1.120711 time=1665.9s
  ttt_chunk [1571/1893] bpb=1.120856 time=1676.6s
  ttt_chunk [1581/1893] bpb=1.121011 time=1687.2s
  ttt_chunk [1591/1893] bpb=1.121070 time=1697.9s
  ttt_chunk [1601/1893] bpb=1.121194 time=1708.6s
  ttt_chunk [1611/1893] bpb=1.121454 time=1719.3s
  ttt_chunk [1621/1893] bpb=1.121318 time=1729.9s
  ttt_chunk [1631/1893] bpb=1.121361 time=1740.6s
  ttt_chunk [1641/1893] bpb=1.121385 time=1751.3s
  ttt_chunk [1651/1893] bpb=1.121438 time=1762.0s
  ttt_chunk [1661/1893] bpb=1.121577 time=1772.6s
  ttt_chunk [1671/1893] bpb=1.121754 time=1783.3s
  ttt_chunk [1681/1893] bpb=1.121845 time=1794.0s
  ttt_chunk [1691/1893] bpb=1.121951 time=1804.6s
  ttt_chunk [1701/1893] bpb=1.122049 time=1815.3s
  ttt_chunk [1711/1893] bpb=1.122031 time=1826.0s
  ttt_chunk [1721/1893] bpb=1.121864 time=1836.7s
  ttt_chunk [1731/1893] bpb=1.121961 time=1847.3s
  ttt_chunk [1741/1893] bpb=1.121701 time=1858.0s
  ttt_chunk [1751/1893] bpb=1.121579 time=1868.7s
  ttt_chunk [1761/1893] bpb=1.121622 time=1879.3s
  ttt_chunk [1771/1893] bpb=1.121568 time=1890.0s
  ttt_chunk [1781/1893] bpb=1.121464 time=1900.7s
  ttt_chunk [1791/1893] bpb=1.121129 time=1911.3s
  ttt_chunk [1801/1893] bpb=1.121118 time=1922.0s
  ttt_chunk [1811/1893] bpb=1.120975 time=1932.7s
  ttt_chunk [1821/1893] bpb=1.121035 time=1943.3s
  ttt_chunk [1831/1893] bpb=1.120887 time=1954.0s
  ttt_chunk [1841/1893] bpb=1.120931 time=1964.7s
  ttt_chunk [1851/1893] bpb=1.120761 time=1975.4s
  ttt_chunk [1861/1893] bpb=1.120682 time=1986.0s
  ttt_chunk [1871/1893] bpb=1.120616 time=1996.7s
  ttt_chunk [1881/1893] bpb=1.120376 time=2007.4s
  ttt_chunk [1891/1893] bpb=1.120360 time=2018.0s
  ttt_chunk [1893/1893] bpb=1.120391 time=2019.8s
ttt_sliding:done val_loss=1.891728 val_bpb=1.120391 elapsed=2019.8s
legal_ttt val_loss:1.8917 val_bpb:1.1204 eval_time:2020286ms
legal_ttt_exact val_loss:1.89172798 val_bpb:1.12039083
wandb: updating run metadata
wandb: uploading output.log; uploading wandb-summary.json; uploading config.yaml
wandb: uploading output.log; uploading wandb-summary.json
wandb: uploading history steps 134-134, summary, console lines 374-378
wandb: 
wandb: Run history:
wandb:   grad_norm █▆▅▃▂▂▂▁▁▁▁▁▁▁▁▁▁▁▁▂▁▁▁▂▁▁▁▁▁▁▁▁▁▁▁▁▁▁▁▁
wandb:    lr_scale ██████████████████████████████▇▆▆▅▅▄▄▃▃▁
wandb: step_avg_ms ▁▃▆▆▆▇▇▇▇▇▇▇▇▇▇▇▇▇▇▇▇▇▇▇▇▇▇▇▇▇▇▇▇▇▇▇▇▇▇█
wandb:  train_loss ████▃▂▂▂▂▁▂▁▁▁▁▁▁▁▁▁▁▁▁▁▁▁▁▁▁▁▁▁▁▁▁▁▁▁▁▁
wandb:     val_bpb █▂▁▁▁▁▁▁▁▁▁▁▁▁
wandb:    val_loss █▂▁▁▁▁▁▁▁▁▁▁▁▁
wandb: 
wandb: Run summary:
wandb:   grad_norm 0.03315
wandb:    lr_scale 0.02205
wandb: step_avg_ms 775.88232
wandb:  train_loss 1.92824
wandb:     val_bpb 1.14365
wandb:    val_loss 1.93101
wandb: 
wandb: 🚀 View run 2pass_3core_80min at: https://wandb.ai/propensity/parameter-golf/runs/p8sqkbqa
wandb: ⭐️ View project at: https://wandb.ai/propensity/parameter-golf
wandb: Synced 5 W&B file(s), 0 media file(s), 0 artifact file(s) and 0 other file(s)
wandb: Find logs at: ./wandb/run-20260327_080959-p8sqkbqa/logs
