logs/7240d6aa-7907-488e-86cf-e35d13f2b540.txt
val_bpb:enabled tokenizer_kind=sentencepiece tokenizer_path=../../../data/tokenizers/fineweb_1024_bpe.model
train_loader:dataset:fineweb10B_sp1024 train_shards:10
val_loader:shards pattern=../../../data/datasets/fineweb10B_sp1024/fineweb_val_*.bin tokens:62021632
feedback: mode=diagonal rank=2 per_pass=False params=2560
recurrence: core_start=3 core_end=8 num_passes=2 stem=3 core=5 tail=3
model_params:26927198
mtp_num_heads:0 mtp_loss_weight:0.2 mtp_params:0
XSA:last_4 active_layers:[7, 8, 9, 10]
world_size:1 grad_accum_steps:8
sdp_backends:cudnn=False flash=True mem_efficient=False math=False
attention_mode:gqa num_heads:8 num_kv_heads:4
tie_embeddings:True embed_lr:0.035 head_lr:0.0 matrix_lr:0.025 scalar_lr:0.025
train_batch_tokens:786432 train_seq_len:2048 iterations:50 warmup_steps:5 max_wallclock_seconds:900.000
seed:1337
wandb: [wandb.login()] Loaded credentials for https://api.wandb.ai from WANDB_API_KEY.
wandb: Currently logged in as: nesta-midavaine (propensity) to https://api.wandb.ai. Use `wandb login --relogin` to force relogin
wandb: WARNING Using a boolean value for 'reinit' is deprecated. Use 'return_previous' or 'finish_previous' instead.
wandb: setting up run 1bh0d9xu
wandb: Tracking run with wandb version 0.25.1
wandb: Run data is saved locally in /home/nesta/parameter-golf/records/track_10min_16mb/2026-03-26_RecurrentSOTA_Feedback/wandb/run-20260326_104722-1bh0d9xu
wandb: Run `wandb offline` to turn off syncing.
wandb: Syncing run grid_p2_j0.0
wandb: ⭐️ View project at https://wandb.ai/propensity/parameter-golf
wandb: 🚀 View run at https://wandb.ai/propensity/parameter-golf/runs/1bh0d9xu
wandb:initialized
warmup_step:1/5
warmup_step:2/5
warmup_step:3/5
warmup_step:4/5
warmup_step:5/5
step:0/50 val_loss:6.9304 val_bpb:4.1046 train_time:0ms step_avg:0.02ms h_norms=['10183.4', '11332.7', '12572.5', '13910.0', '15222.2', '8143.5', '9246.5', '10422.9', '11669.4', '12875.7'] growth=['1.115', '1.113', '1.109', '1.106', '1.094', '1.148', '1.135', '1.127', '1.120', '1.103']
step:1/50 train_loss:6.9310 train_time:1951ms step_avg:1951.04ms
step:2/50 train_loss:8.5267 train_time:3880ms step_avg:1940.13ms
step:3/50 train_loss:7.6283 train_time:5841ms step_avg:1947.13ms
step:4/50 train_loss:7.3204 train_time:7802ms step_avg:1950.55ms
step:5/50 train_loss:7.1281 train_time:9763ms step_avg:1952.51ms
step:6/50 train_loss:7.0824 train_time:11723ms step_avg:1953.92ms
step:7/50 train_loss:7.0689 train_time:13684ms step_avg:1954.91ms
step:8/50 train_loss:6.9485 train_time:15646ms step_avg:1955.69ms
step:9/50 train_loss:6.6014 train_time:17607ms step_avg:1956.32ms
step:10/50 train_loss:6.2455 train_time:19569ms step_avg:1956.88ms
step:20/50 train_loss:4.9608 train_time:39179ms step_avg:1958.94ms
step:25/50 val_loss:4.4416 val_bpb:2.6306 train_time:49019ms step_avg:1960.76ms h_norms=['14908.8', '17039.5', '19688.6', '22908.3', '26782.7', '9197.9', '11626.4', '14426.1', '17733.4', '21464.3'] growth=['1.123', '1.143', '1.155', '1.164', '1.169', '1.296', '1.264', '1.241', '1.229', '1.210']
step:30/50 train_loss:4.2882 train_time:58795ms step_avg:1959.83ms
step:40/50 train_loss:3.9513 train_time:78416ms step_avg:1960.41ms
step:50/50 train_loss:3.7675 train_time:98151ms step_avg:1963.03ms
step:50/50 val_loss:3.7271 val_bpb:2.2074 train_time:98185ms step_avg:1963.71ms h_norms=['24528.6', '27553.7', '31725.9', '37229.2', '44851.6', '10551.0', '14775.8', '19896.1', '26232.7', '33500.8'] growth=['1.086', '1.123', '1.151', '1.173', '1.205', '1.487', '1.400', '1.347', '1.318', '1.277']
peak memory allocated: 42589 MiB reserved: 43756 MiB
ema:applying EMA weights
DIAGNOSTIC post_ema val_loss:5.9153 val_bpb:3.5034 eval_time:53981ms
Serialized model: 106023671 bytes
Code size: 98507 bytes
Serialized model int6+lzma: 4812040 bytes
Total submission size int6+lzma: 4910547 bytes
final_int6_roundtrip val_loss:6.1184 val_bpb:3.6236 eval_time:53666ms
final_int6_roundtrip_exact val_loss:6.11836447 val_bpb:3.62364007
wandb: updating run metadata
wandb: uploading config.yaml
wandb: uploading history steps 15-15, summary, console lines 30-31
wandb: 
wandb: Run history:
wandb:    lr_scale ▁▁▁▁▁▁▁▁▁▁▁▁▁▁
wandb: step_avg_ms ▄▁▃▄▅▅▆▆▆▆▇▇▇█
wandb:  train_loss ▆█▇▆▆▆▆▆▅▅▃▂▁▁
wandb:     val_bpb █▃▁
wandb:    val_loss █▃▁
wandb: 
wandb: Run summary:
wandb:    lr_scale 1
wandb: step_avg_ms 1963.02704
wandb:  train_loss 3.76754
wandb:     val_bpb 2.20741
wandb:    val_loss 3.72711
wandb: 
wandb: 🚀 View run grid_p2_j0.0 at: https://wandb.ai/propensity/parameter-golf/runs/1bh0d9xu
wandb: ⭐️ View project at: https://wandb.ai/propensity/parameter-golf
wandb: Synced 5 W&B file(s), 0 media file(s), 0 artifact file(s) and 0 other file(s)
wandb: Find logs at: ./wandb/run-20260326_104722-1bh0d9xu/logs
