logs/68fe46e3-3ad3-47cc-9e37-31cc9f108790.txt
val_bpb:enabled tokenizer_kind=sentencepiece tokenizer_path=../../../data/tokenizers/fineweb_1024_bpe.model
train_loader:dataset:fineweb10B_sp1024 train_shards:10
val_loader:shards pattern=../../../data/datasets/fineweb10B_sp1024/fineweb_val_*.bin tokens:62021632
feedback: mode=diagonal rank=2 per_pass=False params=2560
recurrence: core_start=3 core_end=8 num_passes=2 stem=3 core=5 tail=3
model_params:26927198
mtp_num_heads:0 mtp_loss_weight:0.2 mtp_params:0
XSA:last_4 active_layers:[7, 8, 9, 10]
world_size:1 grad_accum_steps:8
sdp_backends:cudnn=False flash=True mem_efficient=False math=False
attention_mode:gqa num_heads:8 num_kv_heads:4
tie_embeddings:True embed_lr:0.035 head_lr:0.0 matrix_lr:0.025 scalar_lr:0.025
train_batch_tokens:786432 train_seq_len:2048 iterations:50 warmup_steps:5 max_wallclock_seconds:900.000
seed:1337
wandb: [wandb.login()] Loaded credentials for https://api.wandb.ai from WANDB_API_KEY.
wandb: Currently logged in as: nesta-midavaine (propensity) to https://api.wandb.ai. Use `wandb login --relogin` to force relogin
wandb: WARNING Using a boolean value for 'reinit' is deprecated. Use 'return_previous' or 'finish_previous' instead.
wandb: setting up run pmxdy841
wandb: Tracking run with wandb version 0.25.1
wandb: Run data is saved locally in /home/nesta/parameter-golf/records/track_10min_16mb/2026-03-26_RecurrentSOTA_Feedback/wandb/run-20260326_110050-pmxdy841
wandb: Run `wandb offline` to turn off syncing.
wandb: Syncing run grid_p2_j0.01
wandb: ⭐️ View project at https://wandb.ai/propensity/parameter-golf
wandb: 🚀 View run at https://wandb.ai/propensity/parameter-golf/runs/pmxdy841
wandb:initialized
warmup_step:1/5
warmup_step:2/5
warmup_step:3/5
warmup_step:4/5
warmup_step:5/5
step:0/50 val_loss:6.9304 val_bpb:4.1046 train_time:0ms step_avg:0.02ms h_norms=['10183.7', '11333.2', '12572.7', '13910.3', '15222.4', '8143.9', '9246.6', '10423.1', '11669.9', '12876.1'] growth=['1.115', '1.113', '1.109', '1.106', '1.094', '1.148', '1.135', '1.127', '1.120', '1.103']
step:1/50 train_loss:6.9310 train_time:1965ms step_avg:1964.66ms
step:2/50 train_loss:8.5267 train_time:3905ms step_avg:1952.55ms
step:3/50 train_loss:7.6283 train_time:5878ms step_avg:1959.29ms
step:4/50 train_loss:7.3204 train_time:7850ms step_avg:1962.54ms
step:5/50 train_loss:7.1282 train_time:9822ms step_avg:1964.43ms
step:6/50 train_loss:7.0825 train_time:11795ms step_avg:1965.78ms
step:7/50 train_loss:7.0698 train_time:13768ms step_avg:1966.81ms
step:8/50 train_loss:6.9490 train_time:15741ms step_avg:1967.65ms
step:9/50 train_loss:6.6024 train_time:17715ms step_avg:1968.31ms
step:10/50 train_loss:6.2457 train_time:19688ms step_avg:1968.83ms
step:20/50 train_loss:4.9609 train_time:39413ms step_avg:1970.66ms
step:25/50 val_loss:4.4376 val_bpb:2.6282 train_time:49313ms step_avg:1972.51ms h_norms=['14907.9', '17014.7', '19640.8', '22830.5', '26674.6', '9180.5', '11569.7', '14334.2', '17600.8', '21284.5'] growth=['1.122', '1.141', '1.154', '1.162', '1.168', '1.294', '1.260', '1.239', '1.228', '1.209']
step:30/50 train_loss:4.2769 train_time:59149ms step_avg:1971.62ms
step:40/50 train_loss:3.9519 train_time:78889ms step_avg:1972.21ms
step:50/50 train_loss:3.7667 train_time:98755ms step_avg:1975.11ms
step:50/50 val_loss:3.7317 val_bpb:2.2101 train_time:98790ms step_avg:1975.79ms h_norms=['24105.4', '27189.2', '31353.5', '36701.3', '43829.7', '10500.5', '14546.0', '19432.5', '25342.5', '31770.4'] growth=['1.093', '1.128', '1.153', '1.171', '1.194', '1.480', '1.385', '1.336', '1.304', '1.254']
peak memory allocated: 42782 MiB reserved: 44140 MiB
ema:applying EMA weights
DIAGNOSTIC post_ema val_loss:5.9158 val_bpb:3.5037 eval_time:54005ms
Serialized model: 106023671 bytes
Code size: 98507 bytes
Serialized model int6+lzma: 4808548 bytes
Total submission size int6+lzma: 4907055 bytes
final_int6_roundtrip val_loss:6.1173 val_bpb:3.6230 eval_time:53697ms
final_int6_roundtrip_exact val_loss:6.11731613 val_bpb:3.62301918
wandb: updating run metadata
wandb: uploading wandb-summary.json; uploading config.yaml; uploading output.log
wandb: uploading wandb-summary.json
wandb: 
wandb: Run history:
wandb:    lr_scale ▁▁▁▁▁▁▁▁▁▁▁▁▁▁
wandb: step_avg_ms ▅▁▃▄▅▅▅▆▆▆▇▇▇█
wandb:  train_loss ▆█▇▆▆▆▆▆▅▅▃▂▁▁
wandb:     val_bpb █▃▁
wandb:    val_loss █▃▁
wandb: 
wandb: Run summary:
wandb:    lr_scale 1
wandb: step_avg_ms 1975.10694
wandb:  train_loss 3.76669
wandb:     val_bpb 2.21015
wandb:    val_loss 3.73174
wandb: 
wandb: 🚀 View run grid_p2_j0.01 at: https://wandb.ai/propensity/parameter-golf/runs/pmxdy841
wandb: ⭐️ View project at: https://wandb.ai/propensity/parameter-golf
wandb: Synced 5 W&B file(s), 0 media file(s), 0 artifact file(s) and 0 other file(s)
wandb: Find logs at: ./wandb/run-20260326_110050-pmxdy841/logs
