logs/673c9200-3963-482d-b261-67c7bf418c86.txt
val_bpb:enabled tokenizer_kind=sentencepiece tokenizer_path=../../../data/tokenizers/fineweb_1024_bpe.model
train_loader:dataset:fineweb10B_sp1024 train_shards:10
val_loader:shards pattern=../../../data/datasets/fineweb10B_sp1024/fineweb_val_*.bin tokens:62021632
feedback: mode=diagonal rank=2 per_pass=False params=2560
recurrence: core_start=3 core_end=8 num_passes=3 stem=3 core=5 tail=3
model_params:26927199
mtp_num_heads:0 mtp_loss_weight:0.2 mtp_params:0
XSA:last_4 active_layers:[7, 8, 9, 10]
world_size:1 grad_accum_steps:8
sdp_backends:cudnn=False flash=True mem_efficient=False math=False
attention_mode:gqa num_heads:8 num_kv_heads:4
tie_embeddings:True embed_lr:0.035 head_lr:0.0 matrix_lr:0.025 scalar_lr:0.025
train_batch_tokens:786432 train_seq_len:2048 iterations:50 warmup_steps:5 max_wallclock_seconds:900.000
seed:1337
wandb: [wandb.login()] Loaded credentials for https://api.wandb.ai from WANDB_API_KEY.
wandb: Currently logged in as: nesta-midavaine (propensity) to https://api.wandb.ai. Use `wandb login --relogin` to force relogin
wandb: WARNING Using a boolean value for 'reinit' is deprecated. Use 'return_previous' or 'finish_previous' instead.
wandb: setting up run w5b84094
wandb: Tracking run with wandb version 0.25.1
wandb: Run data is saved locally in /home/nesta/parameter-golf/records/track_10min_16mb/2026-03-26_RecurrentSOTA_Feedback/wandb/run-20260326_112256-w5b84094
wandb: Run `wandb offline` to turn off syncing.
wandb: Syncing run grid_p3_j0.001
wandb: ⭐️ View project at https://wandb.ai/propensity/parameter-golf
wandb: 🚀 View run at https://wandb.ai/propensity/parameter-golf/runs/w5b84094
wandb:initialized
warmup_step:1/5
warmup_step:2/5
warmup_step:3/5
warmup_step:4/5
warmup_step:5/5
step:0/50 val_loss:6.9304 val_bpb:4.1046 train_time:0ms step_avg:0.01ms h_norms=['10017.3', '11135.8', '12344.1', '13648.4', '14930.2', '8131.2', '9221.3', '10379.9', '11610.4', '12803.6', '8145.3', '9247.4', '10417.4', '11656.1', '12858.2'] growth=['1.114', '1.112', '1.109', '1.106', '1.094', '1.146', '1.134', '1.126', '1.119', '1.103', '1.148', '1.135', '1.127', '1.119', '1.103']
step:1/50 train_loss:6.9310 train_time:2562ms step_avg:2562.16ms
step:2/50 train_loss:8.4366 train_time:5105ms step_avg:2552.70ms
step:3/50 train_loss:7.5697 train_time:7680ms step_avg:2560.17ms
step:4/50 train_loss:7.3744 train_time:10255ms step_avg:2563.83ms
step:5/50 train_loss:7.1786 train_time:12830ms step_avg:2566.10ms
step:6/50 train_loss:7.0956 train_time:15406ms step_avg:2567.62ms
step:7/50 train_loss:7.1032 train_time:17983ms step_avg:2569.03ms
step:8/50 train_loss:6.9995 train_time:20559ms step_avg:2569.91ms
step:9/50 train_loss:6.6208 train_time:23136ms step_avg:2570.65ms
step:10/50 train_loss:6.2351 train_time:25713ms step_avg:2571.25ms
step:20/50 train_loss:4.9225 train_time:51465ms step_avg:2573.26ms
step:25/50 val_loss:4.4045 val_bpb:2.6086 train_time:64376ms step_avg:2575.05ms h_norms=['15389.1', '18568.1', '22944.3', '28900.3', '36680.3', '10100.2', '13942.7', '18871.1', '25382.8', '33689.8', '10227.6', '14320.0', '19633.2', '26714.6', '35810.5'] growth=['1.162', '1.207', '1.236', '1.260', '1.269', '1.424', '1.380', '1.353', '1.345', '1.327', '1.442', '1.400', '1.371', '1.361', '1.340']
step:30/50 train_loss:4.2545 train_time:77216ms step_avg:2573.88ms
step:40/50 train_loss:3.9681 train_time:102972ms step_avg:2574.30ms
step:50/50 train_loss:3.7646 train_time:128885ms step_avg:2577.70ms
step:50/50 val_loss:3.7386 val_bpb:2.2142 train_time:128919ms step_avg:2578.39ms h_norms=['25102.1', '31613.3', '41339.7', '55618.3', '75871.6', '12896.3', '20216.5', '29704.2', '42853.9', '60665.7', '13066.2', '20603.3', '30423.4', '44103.2', '62670.9'] growth=['1.172', '1.259', '1.308', '1.345', '1.364', '1.818', '1.568', '1.469', '1.443', '1.416', '1.842', '1.577', '1.477', '1.450', '1.421']
peak memory allocated: 55186 MiB reserved: 56536 MiB
ema:applying EMA weights
DIAGNOSTIC post_ema val_loss:5.9267 val_bpb:3.5101 eval_time:70241ms
Serialized model: 106023671 bytes
Code size: 98507 bytes
Serialized model int6+lzma: 4808880 bytes
Total submission size int6+lzma: 4907387 bytes
final_int6_roundtrip val_loss:6.1461 val_bpb:3.6400 eval_time:69823ms
final_int6_roundtrip_exact val_loss:6.14605869 val_bpb:3.64004215
wandb: updating run metadata
wandb: uploading output.log; uploading wandb-summary.json; uploading config.yaml
wandb: uploading history steps 15-15, summary, console lines 30-31
wandb: 
wandb: Run history:
wandb:    lr_scale ▁▁▁▁▁▁▁▁▁▁▁▁▁▁
wandb: step_avg_ms ▄▁▃▄▅▅▆▆▆▆▇▇▇█
wandb:  train_loss ▆█▇▆▆▆▆▆▅▅▃▂▁▁
wandb:     val_bpb █▂▁
wandb:    val_loss █▂▁
wandb: 
wandb: Run summary:
wandb:    lr_scale 1
wandb: step_avg_ms 2577.70402
wandb:  train_loss 3.76461
wandb:     val_bpb 2.21422
wandb:    val_loss 3.73861
wandb: 
wandb: 🚀 View run grid_p3_j0.001 at: https://wandb.ai/propensity/parameter-golf/runs/w5b84094
wandb: ⭐️ View project at: https://wandb.ai/propensity/parameter-golf
wandb: Synced 5 W&B file(s), 0 media file(s), 0 artifact file(s) and 0 other file(s)
wandb: Find logs at: ./wandb/run-20260326_112256-w5b84094/logs
