logs/350c3fce-978c-404e-bce5-7560d5270ab8.txt
val_bpb:enabled tokenizer_kind=sentencepiece tokenizer_path=../../../data/tokenizers/fineweb_1024_bpe.model
train_loader:dataset:fineweb10B_sp1024 train_shards:10
val_loader:shards pattern=../../../data/datasets/fineweb10B_sp1024/fineweb_val_*.bin tokens:62021632
feedback: mode=diagonal rank=2 per_pass=False params=2560
recurrence: core_start=3 core_end=8 num_passes=2 stem=3 core=5 tail=3
model_params:26927198
mtp_num_heads:0 mtp_loss_weight:0.2 mtp_params:0
XSA:last_4 active_layers:[7, 8, 9, 10]
world_size:1 grad_accum_steps:8
sdp_backends:cudnn=False flash=True mem_efficient=False math=False
attention_mode:gqa num_heads:8 num_kv_heads:4
tie_embeddings:True embed_lr:0.035 head_lr:0.0 matrix_lr:0.025 scalar_lr:0.025
train_batch_tokens:786432 train_seq_len:2048 iterations:50 warmup_steps:5 max_wallclock_seconds:900.000
seed:1337
wandb: [wandb.login()] Loaded credentials for https://api.wandb.ai from WANDB_API_KEY.
wandb: Currently logged in as: nesta-midavaine (propensity) to https://api.wandb.ai. Use `wandb login --relogin` to force relogin
wandb: WARNING Using a boolean value for 'reinit' is deprecated. Use 'return_previous' or 'finish_previous' instead.
wandb: setting up run wq77le9z
wandb: Tracking run with wandb version 0.25.1
wandb: Run data is saved locally in /home/nesta/parameter-golf/records/track_10min_16mb/2026-03-26_RecurrentSOTA_Feedback/wandb/run-20260326_110735-wq77le9z
wandb: Run `wandb offline` to turn off syncing.
wandb: Syncing run grid_p2_j0.1
wandb: ⭐️ View project at https://wandb.ai/propensity/parameter-golf
wandb: 🚀 View run at https://wandb.ai/propensity/parameter-golf/runs/wq77le9z
wandb:initialized
warmup_step:1/5
warmup_step:2/5
warmup_step:3/5
warmup_step:4/5
warmup_step:5/5
step:0/50 val_loss:6.9304 val_bpb:4.1046 train_time:0ms step_avg:0.02ms h_norms=['10183.5', '11332.8', '12572.3', '13909.9', '15221.9', '8143.4', '9246.3', '10422.6', '11669.3', '12875.4'] growth=['1.115', '1.113', '1.109', '1.106', '1.094', '1.148', '1.135', '1.127', '1.120', '1.103']
step:1/50 train_loss:6.9310 train_time:1964ms step_avg:1963.98ms
step:2/50 train_loss:8.5267 train_time:3904ms step_avg:1952.08ms
step:3/50 train_loss:7.6283 train_time:5877ms step_avg:1958.95ms
step:4/50 train_loss:7.3203 train_time:7849ms step_avg:1962.28ms
step:5/50 train_loss:7.1281 train_time:9821ms step_avg:1964.23ms
step:6/50 train_loss:7.0823 train_time:11793ms step_avg:1965.52ms
step:7/50 train_loss:7.0690 train_time:13766ms step_avg:1966.50ms
step:8/50 train_loss:6.9488 train_time:15738ms step_avg:1967.24ms
step:9/50 train_loss:6.6003 train_time:17711ms step_avg:1967.83ms
step:10/50 train_loss:6.2452 train_time:19683ms step_avg:1968.32ms
step:20/50 train_loss:4.9631 train_time:39401ms step_avg:1970.07ms
step:25/50 val_loss:4.4339 val_bpb:2.6260 train_time:49298ms step_avg:1971.91ms h_norms=['14892.2', '17012.7', '19653.8', '22861.1', '26720.5', '9181.8', '11585.2', '14367.3', '17660.0', '21364.8'] growth=['1.122', '1.142', '1.155', '1.163', '1.169', '1.294', '1.262', '1.240', '1.229', '1.210']
step:30/50 train_loss:4.2683 train_time:59129ms step_avg:1970.98ms
step:40/50 train_loss:3.9478 train_time:78860ms step_avg:1971.49ms
step:50/50 train_loss:3.7715 train_time:98733ms step_avg:1974.66ms
step:50/50 val_loss:3.7726 val_bpb:2.2343 train_time:98767ms step_avg:1975.34ms h_norms=['23953.3', '26694.0', '30396.2', '35111.3', '41668.7', '10222.5', '13936.6', '18323.8', '23608.5', '29594.6'] growth=['1.079', '1.114', '1.139', '1.155', '1.187', '1.441', '1.363', '1.315', '1.288', '1.254']
peak memory allocated: 42782 MiB reserved: 44140 MiB
ema:applying EMA weights
DIAGNOSTIC post_ema val_loss:5.9155 val_bpb:3.5035 eval_time:53980ms
Serialized model: 106023671 bytes
Code size: 98507 bytes
Serialized model int6+lzma: 4811364 bytes
Total submission size int6+lzma: 4909871 bytes
final_int6_roundtrip val_loss:6.1183 val_bpb:3.6236 eval_time:53671ms
final_int6_roundtrip_exact val_loss:6.11825506 val_bpb:3.62357527
wandb: updating run metadata
wandb: uploading history steps 15-15, summary, console lines 30-31
wandb: 
wandb: Run history:
wandb:    lr_scale ▁▁▁▁▁▁▁▁▁▁▁▁▁▁
wandb: step_avg_ms ▅▁▃▄▅▅▅▆▆▆▇▇▇█
wandb:  train_loss ▆█▇▆▆▆▆▆▅▅▃▂▁▁
wandb:     val_bpb █▂▁
wandb:    val_loss █▂▁
wandb: 
wandb: Run summary:
wandb:    lr_scale 1
wandb: step_avg_ms 1974.65617
wandb:  train_loss 3.7715
wandb:     val_bpb 2.23433
wandb:    val_loss 3.77257
wandb: 
wandb: 🚀 View run grid_p2_j0.1 at: https://wandb.ai/propensity/parameter-golf/runs/wq77le9z
wandb: ⭐️ View project at: https://wandb.ai/propensity/parameter-golf
wandb: Synced 5 W&B file(s), 0 media file(s), 0 artifact file(s) and 0 other file(s)
wandb: Find logs at: ./wandb/run-20260326_110735-wq77le9z/logs
