logs/828fff46-1179-4ed4-9ca9-bad2f1998032.txt
val_bpb:enabled tokenizer_kind=sentencepiece tokenizer_path=../../../data/tokenizers/fineweb_1024_bpe.model
train_loader:dataset:fineweb10B_sp1024 train_shards:10
val_loader:shards pattern=../../../data/datasets/fineweb10B_sp1024/fineweb_val_*.bin tokens:62021632
feedback: mode=diagonal rank=2 per_pass=False params=2560
recurrence: core_start=3 core_end=8 num_passes=3 stem=3 core=5 tail=3
model_params:26927199
mtp_num_heads:0 mtp_loss_weight:0.2 mtp_params:0
XSA:last_4 active_layers:[7, 8, 9, 10]
world_size:1 grad_accum_steps:8
sdp_backends:cudnn=False flash=True mem_efficient=False math=False
attention_mode:gqa num_heads:8 num_kv_heads:4
tie_embeddings:True embed_lr:0.035 head_lr:0.0 matrix_lr:0.025 scalar_lr:0.025
train_batch_tokens:786432 train_seq_len:2048 iterations:50 warmup_steps:5 max_wallclock_seconds:900.000
seed:1337
wandb: [wandb.login()] Loaded credentials for https://api.wandb.ai from WANDB_API_KEY.
wandb: Currently logged in as: nesta-midavaine (propensity) to https://api.wandb.ai. Use `wandb login --relogin` to force relogin
wandb: WARNING Using a boolean value for 'reinit' is deprecated. Use 'return_previous' or 'finish_previous' instead.
wandb: setting up run l86ibk0l
wandb: Tracking run with wandb version 0.25.1
wandb: Run data is saved locally in /home/nesta/parameter-golf/records/track_10min_16mb/2026-03-26_RecurrentSOTA_Feedback/wandb/run-20260326_113135-l86ibk0l
wandb: Run `wandb offline` to turn off syncing.
wandb: Syncing run grid_p3_j0.01
wandb: ⭐️ View project at https://wandb.ai/propensity/parameter-golf
wandb: 🚀 View run at https://wandb.ai/propensity/parameter-golf/runs/l86ibk0l
wandb:initialized
warmup_step:1/5
warmup_step:2/5
warmup_step:3/5
warmup_step:4/5
warmup_step:5/5
step:0/50 val_loss:6.9304 val_bpb:4.1046 train_time:0ms step_avg:0.01ms h_norms=['10017.8', '11136.4', '12344.8', '13649.3', '14931.1', '8131.1', '9221.2', '10380.0', '11610.7', '12803.9', '8145.5', '9247.7', '10417.7', '11656.5', '12858.6'] growth=['1.114', '1.112', '1.109', '1.106', '1.094', '1.146', '1.134', '1.126', '1.119', '1.103', '1.148', '1.135', '1.127', '1.119', '1.103']
step:1/50 train_loss:6.9310 train_time:2558ms step_avg:2558.48ms
step:2/50 train_loss:8.4366 train_time:5098ms step_avg:2548.90ms
step:3/50 train_loss:7.5697 train_time:7670ms step_avg:2556.78ms
step:4/50 train_loss:7.3743 train_time:10241ms step_avg:2560.27ms
step:5/50 train_loss:7.1786 train_time:12811ms step_avg:2562.30ms
step:6/50 train_loss:7.0957 train_time:15383ms step_avg:2563.78ms
step:7/50 train_loss:7.1044 train_time:17953ms step_avg:2564.76ms
step:8/50 train_loss:6.9980 train_time:20525ms step_avg:2565.64ms
step:9/50 train_loss:6.6201 train_time:23097ms step_avg:2566.38ms
step:10/50 train_loss:6.2350 train_time:25670ms step_avg:2567.05ms
step:20/50 train_loss:4.9193 train_time:51381ms step_avg:2569.05ms
step:25/50 val_loss:4.4049 val_bpb:2.6088 train_time:64272ms step_avg:2570.88ms h_norms=['15720.0', '18809.2', '23004.6', '28594.8', '35769.8', '9791.7', '13137.0', '17413.1', '22947.7', '29845.4', '9846.4', '13323.4', '17863.5', '23724.8', '31147.9'] growth=['1.160', '1.197', '1.223', '1.243', '1.251', '1.380', '1.342', '1.325', '1.318', '1.301', '1.388', '1.353', '1.341', '1.328', '1.313']
step:30/50 train_loss:4.2516 train_time:77099ms step_avg:2569.96ms
step:40/50 train_loss:3.9318 train_time:102821ms step_avg:2570.53ms
step:50/50 train_loss:3.7709 train_time:128698ms step_avg:2573.96ms
step:50/50 val_loss:3.7547 val_bpb:2.2238 train_time:128732ms step_avg:2574.64ms h_norms=['26472.4', '32406.0', '41016.4', '53232.8', '69910.2', '11501.1', '17001.4', '24006.2', '33299.6', '45175.2', '11702.2', '17433.6', '24741.2', '34474.7', '46973.8'] growth=['1.156', '1.224', '1.266', '1.298', '1.313', '1.621', '1.478', '1.412', '1.387', '1.357', '1.649', '1.490', '1.419', '1.393', '1.363']
peak memory allocated: 55186 MiB reserved: 56536 MiB
ema:applying EMA weights
DIAGNOSTIC post_ema val_loss:5.9290 val_bpb:3.5115 eval_time:70088ms
Serialized model: 106023671 bytes
Code size: 98507 bytes
Serialized model int6+lzma: 4808852 bytes
Total submission size int6+lzma: 4907359 bytes
final_int6_roundtrip val_loss:6.1489 val_bpb:3.6417 eval_time:69675ms
final_int6_roundtrip_exact val_loss:6.14887885 val_bpb:3.64171241
wandb: updating run metadata
wandb: uploading history steps 15-15, summary, console lines 30-31
wandb: 
wandb: Run history:
wandb:    lr_scale ▁▁▁▁▁▁▁▁▁▁▁▁▁▁
wandb: step_avg_ms ▄▁▃▄▅▅▅▆▆▆▇▇▇█
wandb:  train_loss ▆█▇▆▆▆▆▆▅▅▃▂▁▁
wandb:     val_bpb █▂▁
wandb:    val_loss █▂▁
wandb: 
wandb: Run summary:
wandb:    lr_scale 1
wandb: step_avg_ms 2573.96071
wandb:  train_loss 3.7709
wandb:     val_bpb 2.22377
wandb:    val_loss 3.75475
wandb: 
wandb: 🚀 View run grid_p3_j0.01 at: https://wandb.ai/propensity/parameter-golf/runs/l86ibk0l
wandb: ⭐️ View project at: https://wandb.ai/propensity/parameter-golf
wandb: Synced 5 W&B file(s), 0 media file(s), 0 artifact file(s) and 0 other file(s)
wandb: Find logs at: ./wandb/run-20260326_113135-l86ibk0l/logs
