logs/a191e574-1183-450d-b8ae-d69ae7e83370.txt
val_bpb:enabled tokenizer_kind=sentencepiece tokenizer_path=../../../data/tokenizers/fineweb_1024_bpe.model
train_loader:dataset:fineweb10B_sp1024 train_shards:10
val_loader:shards pattern=../../../data/datasets/fineweb10B_sp1024/fineweb_val_*.bin tokens:62021632
feedback: mode=diagonal rank=2 per_pass=False params=2560
recurrence: core_start=3 core_end=8 num_passes=2 stem=3 core=5 tail=3
model_params:26927198
mtp_num_heads:0 mtp_loss_weight:0.2 mtp_params:0
XSA:last_4 active_layers:[7, 8, 9, 10]
world_size:1 grad_accum_steps:8
sdp_backends:cudnn=False flash=True mem_efficient=False math=False
attention_mode:gqa num_heads:8 num_kv_heads:4
tie_embeddings:True embed_lr:0.035 head_lr:0.0 matrix_lr:0.025 scalar_lr:0.025
train_batch_tokens:786432 train_seq_len:2048 iterations:50 warmup_steps:5 max_wallclock_seconds:900.000
seed:1337
wandb: [wandb.login()] Loaded credentials for https://api.wandb.ai from WANDB_API_KEY.
wandb: Currently logged in as: nesta-midavaine (propensity) to https://api.wandb.ai. Use `wandb login --relogin` to force relogin
wandb: WARNING Using a boolean value for 'reinit' is deprecated. Use 'return_previous' or 'finish_previous' instead.
wandb: setting up run dd5xlg1l
wandb: Tracking run with wandb version 0.25.1
wandb: Run data is saved locally in /home/nesta/parameter-golf/records/track_10min_16mb/2026-03-26_RecurrentSOTA_Feedback/wandb/run-20260326_105405-dd5xlg1l
wandb: Run `wandb offline` to turn off syncing.
wandb: Syncing run grid_p2_j0.001
wandb: ⭐️ View project at https://wandb.ai/propensity/parameter-golf
wandb: 🚀 View run at https://wandb.ai/propensity/parameter-golf/runs/dd5xlg1l
wandb:initialized
warmup_step:1/5
warmup_step:2/5
warmup_step:3/5
warmup_step:4/5
warmup_step:5/5
step:0/50 val_loss:6.9304 val_bpb:4.1046 train_time:0ms step_avg:0.02ms h_norms=['10183.3', '11332.9', '12572.4', '13909.9', '15221.9', '8143.5', '9246.2', '10422.5', '11669.1', '12875.2'] growth=['1.115', '1.113', '1.109', '1.106', '1.094', '1.148', '1.135', '1.127', '1.120', '1.103']
step:1/50 train_loss:6.9310 train_time:1969ms step_avg:1968.99ms
step:2/50 train_loss:8.5267 train_time:3913ms step_avg:1956.75ms
step:3/50 train_loss:7.6283 train_time:5891ms step_avg:1963.51ms
step:4/50 train_loss:7.3204 train_time:7867ms step_avg:1966.84ms
step:5/50 train_loss:7.1282 train_time:9845ms step_avg:1969.03ms
step:6/50 train_loss:7.0824 train_time:11823ms step_avg:1970.45ms
step:7/50 train_loss:7.0693 train_time:13800ms step_avg:1971.43ms
step:8/50 train_loss:6.9483 train_time:15777ms step_avg:1972.14ms
step:9/50 train_loss:6.6021 train_time:17755ms step_avg:1972.76ms
step:10/50 train_loss:6.2458 train_time:19732ms step_avg:1973.24ms
step:20/50 train_loss:4.9604 train_time:39495ms step_avg:1974.76ms
step:25/50 val_loss:4.4376 val_bpb:2.6282 train_time:49413ms step_avg:1976.52ms h_norms=['14875.2', '16993.9', '19634.3', '22841.7', '26706.4', '9197.5', '11608.3', '14391.8', '17687.0', '21405.1'] growth=['1.123', '1.142', '1.155', '1.163', '1.169', '1.296', '1.262', '1.240', '1.229', '1.210']
step:30/50 train_loss:4.2700 train_time:59266ms step_avg:1975.53ms
step:40/50 train_loss:3.9376 train_time:79041ms step_avg:1976.01ms
step:50/50 train_loss:3.7755 train_time:98947ms step_avg:1978.94ms
step:50/50 val_loss:3.7384 val_bpb:2.2141 train_time:98981ms step_avg:1979.62ms h_norms=['24517.2', '27557.3', '31658.9', '36931.0', '44051.8', '10467.3', '14516.5', '19325.2', '25155.9', '31522.6'] growth=['1.087', '1.124', '1.149', '1.167', '1.193', '1.475', '1.387', '1.331', '1.302', '1.253']
peak memory allocated: 42782 MiB reserved: 44140 MiB
ema:applying EMA weights
DIAGNOSTIC post_ema val_loss:5.9157 val_bpb:3.5036 eval_time:54130ms
Serialized model: 106023671 bytes
Code size: 98507 bytes
Serialized model int6+lzma: 4808692 bytes
Total submission size int6+lzma: 4907199 bytes
final_int6_roundtrip val_loss:6.1186 val_bpb:3.6238 eval_time:53816ms
final_int6_roundtrip_exact val_loss:6.11859679 val_bpb:3.62377766
wandb: updating run metadata
wandb: uploading output.log
wandb: uploading history steps 15-15, summary, console lines 30-31
wandb: 
wandb: Run history:
wandb:    lr_scale ▁▁▁▁▁▁▁▁▁▁▁▁▁▁
wandb: step_avg_ms ▅▁▃▄▅▅▆▆▆▆▇▇▇█
wandb:  train_loss ▆█▇▆▆▆▆▆▅▅▃▂▁▁
wandb:     val_bpb █▃▁
wandb:    val_loss █▃▁
wandb: 
wandb: Run summary:
wandb:    lr_scale 1
wandb: step_avg_ms 1978.93598
wandb:  train_loss 3.77553
wandb:     val_bpb 2.2141
wandb:    val_loss 3.73842
wandb: 
wandb: 🚀 View run grid_p2_j0.001 at: https://wandb.ai/propensity/parameter-golf/runs/dd5xlg1l
wandb: ⭐️ View project at: https://wandb.ai/propensity/parameter-golf
wandb: Synced 5 W&B file(s), 0 media file(s), 0 artifact file(s) and 0 other file(s)
wandb: Find logs at: ./wandb/run-20260326_105405-dd5xlg1l/logs
