logs/25035571-2602-4fdf-8873-7b085e526dcb.txt
val_bpb:enabled tokenizer_kind=sentencepiece tokenizer_path=../../../data/tokenizers/fineweb_1024_bpe.model
train_loader:dataset:fineweb10B_sp1024 train_shards:10
val_loader:shards pattern=../../../data/datasets/fineweb10B_sp1024/fineweb_val_*.bin tokens:62021632
feedback: mode=diagonal rank=2 per_pass=False params=2560
recurrence: core_start=3 core_end=8 num_passes=3 stem=3 core=5 tail=3
model_params:26927199
mtp_num_heads:0 mtp_loss_weight:0.2 mtp_params:0
XSA:last_4 active_layers:[7, 8, 9, 10]
world_size:1 grad_accum_steps:8
sdp_backends:cudnn=False flash=True mem_efficient=False math=False
attention_mode:gqa num_heads:8 num_kv_heads:4
tie_embeddings:True embed_lr:0.035 head_lr:0.0 matrix_lr:0.025 scalar_lr:0.025
train_batch_tokens:786432 train_seq_len:2048 iterations:50 warmup_steps:5 max_wallclock_seconds:900.000
seed:1337
wandb: [wandb.login()] Loaded credentials for https://api.wandb.ai from WANDB_API_KEY.
wandb: Currently logged in as: nesta-midavaine (propensity) to https://api.wandb.ai. Use `wandb login --relogin` to force relogin
wandb: WARNING Using a boolean value for 'reinit' is deprecated. Use 'return_previous' or 'finish_previous' instead.
wandb: setting up run n43r2rb3
wandb: Tracking run with wandb version 0.25.1
wandb: Run data is saved locally in /home/nesta/parameter-golf/records/track_10min_16mb/2026-03-26_RecurrentSOTA_Feedback/wandb/run-20260326_114011-n43r2rb3
wandb: Run `wandb offline` to turn off syncing.
wandb: Syncing run grid_p3_j0.1
wandb: ⭐️ View project at https://wandb.ai/propensity/parameter-golf
wandb: 🚀 View run at https://wandb.ai/propensity/parameter-golf/runs/n43r2rb3
wandb:initialized
warmup_step:1/5
warmup_step:2/5
warmup_step:3/5
warmup_step:4/5
warmup_step:5/5
step:0/50 val_loss:6.9304 val_bpb:4.1046 train_time:0ms step_avg:0.02ms h_norms=['10016.7', '11135.2', '12343.3', '13647.7', '14929.4', '8130.4', '9220.7', '10379.4', '11609.9', '12803.1', '8144.8', '9247.1', '10417.0', '11655.6', '12857.6'] growth=['1.114', '1.112', '1.108', '1.106', '1.094', '1.146', '1.134', '1.126', '1.119', '1.103', '1.148', '1.135', '1.127', '1.119', '1.103']
step:1/50 train_loss:6.9310 train_time:2558ms step_avg:2558.36ms
step:2/50 train_loss:8.4366 train_time:5098ms step_avg:2548.82ms
step:3/50 train_loss:7.5697 train_time:7669ms step_avg:2556.49ms
step:4/50 train_loss:7.3744 train_time:10241ms step_avg:2560.13ms
step:5/50 train_loss:7.1785 train_time:12812ms step_avg:2562.33ms
step:6/50 train_loss:7.0958 train_time:15382ms step_avg:2563.72ms
step:7/50 train_loss:7.1043 train_time:17954ms step_avg:2564.81ms
step:8/50 train_loss:6.9978 train_time:20526ms step_avg:2565.71ms
step:9/50 train_loss:6.6203 train_time:23098ms step_avg:2566.44ms
step:10/50 train_loss:6.2351 train_time:25670ms step_avg:2566.98ms
step:20/50 train_loss:4.9173 train_time:51378ms step_avg:2568.92ms
step:25/50 val_loss:4.4081 val_bpb:2.6107 train_time:64271ms step_avg:2570.86ms h_norms=['15784.7', '18418.3', '21808.6', '26014.4', '31082.9', '9350.4', '11977.4', '15124.3', '18884.1', '23160.1', '9355.0', '12040.7', '15261.1', '19113.8', '23523.2'] growth=['1.142', '1.167', '1.184', '1.193', '1.195', '1.318', '1.281', '1.263', '1.249', '1.226', '1.319', '1.287', '1.267', '1.252', '1.231']
step:30/50 train_loss:4.2496 train_time:77100ms step_avg:2569.99ms
step:40/50 train_loss:3.9324 train_time:102820ms step_avg:2570.49ms
step:50/50 train_loss:3.7771 train_time:128694ms step_avg:2573.88ms
step:50/50 val_loss:3.7294 val_bpb:2.2088 train_time:128728ms step_avg:2574.56ms h_norms=['25140.9', '28962.0', '34040.5', '40736.8', '49246.7', '9966.3', '13653.2', '17956.7', '23197.5', '28845.5', '9949.3', '13730.0', '18206.3', '23701.7', '29420.4'] growth=['1.103', '1.152', '1.175', '1.197', '1.209', '1.405', '1.370', '1.315', '1.292', '1.243', '1.402', '1.380', '1.326', '1.302', '1.241']
peak memory allocated: 55186 MiB reserved: 56536 MiB
ema:applying EMA weights
DIAGNOSTIC post_ema val_loss:5.9285 val_bpb:3.5112 eval_time:70073ms
Serialized model: 106023671 bytes
Code size: 98507 bytes
Serialized model int6+lzma: 4808068 bytes
Total submission size int6+lzma: 4906575 bytes
final_int6_roundtrip val_loss:6.1465 val_bpb:3.6403 eval_time:69664ms
final_int6_roundtrip_exact val_loss:6.14650992 val_bpb:3.64030939
wandb: uploading data; updating run metadata
wandb: uploading output.log; uploading wandb-summary.json; uploading config.yaml
wandb: 
wandb: Run history:
wandb:    lr_scale ▁▁▁▁▁▁▁▁▁▁▁▁▁▁
wandb: step_avg_ms ▄▁▃▄▅▅▅▆▆▆▇▇▇█
wandb:  train_loss ▆█▇▆▆▆▆▆▅▅▃▂▁▁
wandb:     val_bpb █▂▁
wandb:    val_loss █▂▁
wandb: 
wandb: Run summary:
wandb:    lr_scale 1
wandb: step_avg_ms 2573.87861
wandb:  train_loss 3.77715
wandb:     val_bpb 2.20876
wandb:    val_loss 3.7294
wandb: 
wandb: 🚀 View run grid_p3_j0.1 at: https://wandb.ai/propensity/parameter-golf/runs/n43r2rb3
wandb: ⭐️ View project at: https://wandb.ai/propensity/parameter-golf
wandb: Synced 5 W&B file(s), 0 media file(s), 0 artifact file(s) and 0 other file(s)
wandb: Find logs at: ./wandb/run-20260326_114011-n43r2rb3/logs
