logs/f2f1b5c3-e1b0-4040-9fa5-3121c4ca0927.txt
val_bpb:enabled tokenizer_kind=sentencepiece tokenizer_path=../../../data/tokenizers/fineweb_1024_bpe.model
train_loader:dataset:fineweb10B_sp1024 train_shards:10
val_loader:shards pattern=../../../data/datasets/fineweb10B_sp1024/fineweb_val_*.bin tokens:62021632
feedback: mode=diagonal rank=2 per_pass=False params=2560
recurrence: core_start=3 core_end=8 num_passes=3 stem=3 core=5 tail=3
model_params:26927199
mtp_num_heads:0 mtp_loss_weight:0.2 mtp_params:0
XSA:last_4 active_layers:[7, 8, 9, 10]
world_size:1 grad_accum_steps:8
sdp_backends:cudnn=False flash=True mem_efficient=False math=False
attention_mode:gqa num_heads:8 num_kv_heads:4
tie_embeddings:True embed_lr:0.035 head_lr:0.0 matrix_lr:0.025 scalar_lr:0.025
train_batch_tokens:786432 train_seq_len:2048 iterations:50 warmup_steps:5 max_wallclock_seconds:900.000
seed:1337
wandb: [wandb.login()] Loaded credentials for https://api.wandb.ai from WANDB_API_KEY.
wandb: Currently logged in as: nesta-midavaine (propensity) to https://api.wandb.ai. Use `wandb login --relogin` to force relogin
wandb: WARNING Using a boolean value for 'reinit' is deprecated. Use 'return_previous' or 'finish_previous' instead.
wandb: setting up run rr366tug
wandb: Tracking run with wandb version 0.25.1
wandb: Run data is saved locally in /home/nesta/parameter-golf/records/track_10min_16mb/2026-03-26_RecurrentSOTA_Feedback/wandb/run-20260326_111419-rr366tug
wandb: Run `wandb offline` to turn off syncing.
wandb: Syncing run grid_p3_j0.0
wandb: ⭐️ View project at https://wandb.ai/propensity/parameter-golf
wandb: 🚀 View run at https://wandb.ai/propensity/parameter-golf/runs/rr366tug
wandb:initialized
warmup_step:1/5
warmup_step:2/5
warmup_step:3/5
warmup_step:4/5
warmup_step:5/5
step:0/50 val_loss:6.9304 val_bpb:4.1046 train_time:0ms step_avg:0.01ms h_norms=['10017.6', '11136.0', '12344.2', '13648.8', '14930.5', '8131.3', '9221.1', '10380.0', '11610.4', '12803.6', '8145.6', '9247.8', '10417.9', '11656.5', '12858.6'] growth=['1.114', '1.112', '1.108', '1.106', '1.094', '1.146', '1.134', '1.126', '1.119', '1.103', '1.148', '1.135', '1.127', '1.119', '1.103']
step:1/50 train_loss:6.9310 train_time:2550ms step_avg:2549.53ms
step:2/50 train_loss:8.4366 train_time:5080ms step_avg:2540.20ms
step:3/50 train_loss:7.5697 train_time:7644ms step_avg:2547.96ms
step:4/50 train_loss:7.3743 train_time:10207ms step_avg:2551.71ms
step:5/50 train_loss:7.1786 train_time:12769ms step_avg:2553.85ms
step:6/50 train_loss:7.0957 train_time:15332ms step_avg:2555.30ms
step:7/50 train_loss:7.1042 train_time:17895ms step_avg:2556.47ms
step:8/50 train_loss:6.9979 train_time:20459ms step_avg:2557.34ms
step:9/50 train_loss:6.6202 train_time:23024ms step_avg:2558.19ms
step:10/50 train_loss:6.2350 train_time:25588ms step_avg:2558.77ms
step:20/50 train_loss:4.9204 train_time:51213ms step_avg:2560.66ms
step:25/50 val_loss:4.4026 val_bpb:2.6074 train_time:64061ms step_avg:2562.45ms h_norms=['15315.5', '18476.1', '22903.1', '28959.2', '36915.4', '10165.2', '14051.6', '19152.7', '25903.6', '34591.3', '10305.9', '14457.4', '19935.1', '27281.8', '36795.6'] growth=['1.162', '1.206', '1.240', '1.264', '1.275', '1.433', '1.382', '1.363', '1.352', '1.335', '1.453', '1.403', '1.379', '1.369', '1.349']
step:30/50 train_loss:4.2536 train_time:76845ms step_avg:2561.51ms
step:40/50 train_loss:3.9338 train_time:102476ms step_avg:2561.91ms
step:50/50 train_loss:3.7603 train_time:128239ms step_avg:2564.77ms
step:50/50 val_loss:3.7159 val_bpb:2.2007 train_time:128273ms step_avg:2565.45ms h_norms=['25099.4', '31959.1', '42336.1', '57728.8', '79426.7', '13463.9', '21452.0', '32001.9', '46436.8', '66208.5', '13616.6', '21790.7', '32681.5', '47611.1', '68100.6'] growth=['1.181', '1.273', '1.325', '1.364', '1.376', '1.898', '1.593', '1.492', '1.451', '1.426', '1.919', '1.600', '1.500', '1.457', '1.430']
peak memory allocated: 54994 MiB reserved: 56152 MiB
ema:applying EMA weights
DIAGNOSTIC post_ema val_loss:5.9270 val_bpb:3.5103 eval_time:70209ms
Serialized model: 106023671 bytes
Code size: 98507 bytes
Serialized model int6+lzma: 4807120 bytes
Total submission size int6+lzma: 4905627 bytes
final_int6_roundtrip val_loss:6.1461 val_bpb:3.6401 eval_time:69816ms
final_int6_roundtrip_exact val_loss:6.14613800 val_bpb:3.64008912
wandb: uploading data; updating run metadata
wandb: uploading history steps 15-15, summary, console lines 30-31
wandb: 
wandb: Run history:
wandb:    lr_scale ▁▁▁▁▁▁▁▁▁▁▁▁▁▁
wandb: step_avg_ms ▄▁▃▄▅▅▆▆▆▆▇▇▇█
wandb:  train_loss ▆█▇▆▆▆▆▆▅▅▃▂▁▁
wandb:     val_bpb █▂▁
wandb:    val_loss █▂▁
wandb: 
wandb: Run summary:
wandb:    lr_scale 1
wandb: step_avg_ms 2564.77223
wandb:  train_loss 3.76027
wandb:     val_bpb 2.20074
wandb:    val_loss 3.71586
wandb: 
wandb: 🚀 View run grid_p3_j0.0 at: https://wandb.ai/propensity/parameter-golf/runs/rr366tug
wandb: ⭐️ View project at: https://wandb.ai/propensity/parameter-golf
wandb: Synced 5 W&B file(s), 0 media file(s), 0 artifact file(s) and 0 other file(s)
wandb: Find logs at: ./wandb/run-20260326_111419-rr366tug/logs
