START full run: 4-pass LoRA-r8 delayed-warmup TTT SWA, 80min (Thu Mar 26 20:51:35 UTC 2026)

FAILED (exit=1)
  File "/home/nesta/parameter-golf/.venv/lib/python3.12/site-packages/torch/_dynamo/eval_frame.py", line 472, in __call__
    return super().__call__(*args, **kwargs)
           ^^^^^^^^^^^^^^^^^^^^^^^^^^^^^^^^^
  File "/home/nesta/parameter-golf/.venv/lib/python3.12/site-packages/torch/nn/modules/module.py", line 1779, in _wrapped_call_impl
    return self._call_impl(*args, **kwargs)
           ^^^^^^^^^^^^^^^^^^^^^^^^^^^^^^^^
  File "/home/nesta/parameter-golf/.venv/lib/python3.12/site-packages/torch/nn/modules/module.py", line 1790, in _call_impl
    return forward_call(*args, **kwargs)
           ^^^^^^^^^^^^^^^^^^^^^^^^^^^^^
  File "/home/nesta/parameter-golf/.venv/lib/python3.12/site-packages/torch/_dynamo/eval_frame.py", line 1024, in compile_wrapper
    return fn(*args, **kwargs)
           ^^^^^^^^^^^^^^^^^^^
  File "/home/nesta/parameter-golf/.venv/lib/python3.12/site-packages/torch/nn/modules/module.py", line 1779, in _wrapped_call_impl
    return self._call_impl(*args, **kwargs)
           ^^^^^^^^^^^^^^^^^^^^^^^^^^^^^^^^
  File "/home/nesta/parameter-golf/.venv/lib/python3.12/site-packages/torch/nn/modules/module.py", line 1790, in _call_impl
    return forward_call(*args, **kwargs)
           ^^^^^^^^^^^^^^^^^^^^^^^^^^^^^
  File "/home/nesta/parameter-golf/.venv/lib/python3.12/site-packages/torch/_dynamo/convert_frame.py", line 2316, in __call__
    result = self._torchdynamo_orig_backend(
             ^^^^^^^^^^^^^^^^^^^^^^^^^^^^^^^
  File "/home/nesta/parameter-golf/.venv/lib/python3.12/site-packages/torch/_dynamo/convert_frame.py", line 729, in __call__
    result = _compile(
             ^^^^^^^^^
  File "/home/nesta/parameter-golf/.venv/lib/python3.12/site-packages/torch/_dynamo/convert_frame.py", line 1780, in _compile
    raise FailOnRecompileLimitHit(
torch._dynamo.exc.FailOnRecompileLimitHit: Hard failure due to fullgraph=True
[1;34mwandb[0m: 
[1;34mwandb[0m: 🚀 View run [33mfull_4pass_lora_r8_delayed_80min[0m at: [34mhttps://wandb.ai/propensity/parameter-golf/runs/3z8g4kez[0m
[1;34mwandb[0m: Find logs at: [1;35mwandb/run-20260326_205139-3z8g4kez/logs[0m
FINISHED (Thu Mar 26 22:22:22 UTC 2026)
