logs/17edc995-7ab2-45c5-a3c7-81e9b7e989e8.txt
val_bpb:enabled tokenizer_kind=sentencepiece tokenizer_path=../../../data/tokenizers/fineweb_1024_bpe.model
train_loader:dataset:fineweb10B_sp1024 train_shards:10
val_loader:shards pattern=../../../data/datasets/fineweb10B_sp1024/fineweb_val_*.bin tokens:62021632
feedback: mode=diagonal rank=2 per_pass=False params=2560
recurrence: core_start=3 core_end=8 num_passes=3 stem=3 core=5 tail=3
model_params:26927199
mtp_num_heads:0 mtp_loss_weight:0.2 mtp_params:0
XSA:last_4 active_layers:[7, 8, 9, 10]
world_size:1 grad_accum_steps:8
sdp_backends:cudnn=False flash=True mem_efficient=False math=False
attention_mode:gqa num_heads:8 num_kv_heads:4
tie_embeddings:True embed_lr:0.035 head_lr:0.0 matrix_lr:0.025 scalar_lr:0.025
train_batch_tokens:786432 train_seq_len:2048 iterations:30 warmup_steps:5 max_wallclock_seconds:600.000
seed:1337
warmup_step:1/5
warmup_step:2/5
warmup_step:3/5
warmup_step:4/5
warmup_step:5/5
step:0/30 val_loss:6.9304 val_bpb:4.1046 train_time:0ms step_avg:0.02ms h_norms=['10017.6', '11136.1', '12344.6', '13649.1', '14930.9', '8131.2', '9221.2', '10380.1', '11610.1', '12803.3', '8145.6', '9247.6', '10417.8', '11656.3', '12858.4'] growth=['1.114', '1.112', '1.109', '1.106', '1.094', '1.146', '1.134', '1.126', '1.118', '1.103', '1.148', '1.135', '1.127', '1.119', '1.103']
step:1/30 train_loss:6.9310 train_time:2559ms step_avg:2558.98ms
step:2/30 train_loss:8.4366 train_time:5099ms step_avg:2549.65ms
step:3/30 train_loss:7.5697 train_time:7672ms step_avg:2557.48ms
step:4/30 train_loss:7.3744 train_time:10245ms step_avg:2561.17ms
step:5/30 train_loss:7.1785 train_time:12816ms step_avg:2563.29ms
step:6/30 train_loss:7.0957 train_time:15388ms step_avg:2564.71ms
step:7/30 train_loss:7.1043 train_time:17962ms step_avg:2565.93ms
step:8/30 train_loss:6.9979 train_time:20534ms step_avg:2566.77ms
step:9/30 train_loss:6.6202 train_time:23107ms step_avg:2567.47ms
step:10/30 train_loss:6.2350 train_time:25680ms step_avg:2568.01ms
step:15/30 val_loss:5.4108 val_bpb:3.2046 train_time:38665ms step_avg:2577.69ms h_norms=['12890.8', '15652.2', '19044.1', '23221.1', '28158.7', '9400.8', '12125.6', '15396.3', '19428.0', '24216.3', '9485.6', '12358.7', '15833.4', '20185.5', '25411.9'] growth=['1.206', '1.214', '1.217', '1.219', '1.213', '1.325', '1.290', '1.270', '1.262', '1.246', '1.337', '1.303', '1.281', '1.275', '1.259']
step:20/30 train_loss:4.9219 train_time:51499ms step_avg:2574.94ms
step:30/30 train_loss:4.2511 train_time:77236ms step_avg:2574.53ms
step:30/30 val_loss:4.1921 val_bpb:2.4828 train_time:77269ms step_avg:2575.63ms h_norms=['18485.5', '22357.3', '27748.3', '35088.0', '44617.9', '10213.3', '14090.6', '19092.3', '25597.2', '33766.0', '10296.8', '14342.7', '19555.4', '26454.9', '35157.1'] growth=['1.167', '1.209', '1.241', '1.265', '1.272', '1.440', '1.380', '1.355', '1.341', '1.319', '1.451', '1.393', '1.363', '1.353', '1.329']
peak memory allocated: 55186 MiB reserved: 56536 MiB
ema:applying EMA weights
DIAGNOSTIC post_ema val_loss:5.9678 val_bpb:3.5345 eval_time:70242ms
Serialized model: 106023671 bytes
Code size: 96617 bytes
Serialized model int6+lzma: 4718536 bytes
Total submission size int6+lzma: 4815153 bytes
final_int6_roundtrip val_loss:5.9995 val_bpb:3.5532 eval_time:69827ms
final_int6_roundtrip_exact val_loss:5.99946477 val_bpb:3.55322097
run_3pass.sh: line 20: 209886 Killed                  PYTHONUNBUFFERED=1 TORCH_COMPILE_DISABLE=1 DATA_PATH="../../../data/datasets/fineweb10B_sp1024" TOKENIZER_PATH="../../../data/tokenizers/fineweb_1024_bpe.model" SEED=1337 ITERATIONS=30 MAX_WALLCLOCK_SECONDS=600 VAL_LOSS_EVERY=15 TRAIN_LOG_EVERY=10 WARMUP_STEPS=5 WARMDOWN_ITERS=5 TRAIN_BATCH_TOKENS=786432 TRAIN_SEQ_LEN=2048 EVAL_SEQ_LEN=2048 EVAL_STRIDE=0 NUM_LAYERS=11 MODEL_DIM=512 NUM_HEADS=8 NUM_KV_HEADS=4 BIGRAM_VOCAB_SIZE=1536 XSA_LAST_N=4 ROPE_DIMS=16 LN_SCALE=1 VE_ENABLED=1 VE_DIM=128 VE_LAYERS="9,10" MATRIX_LR=0.025 SCALAR_LR=0.025 TIED_EMBED_LR=0.035 MUON_MOMENTUM=0.99 MUON_MOMENTUM_WARMUP_START=0.92 MUON_MOMENTUM_WARMUP_STEPS=5 MUON_WD=0.04 ADAM_WD=0.04 GRAD_CLIP_NORM=0.3 SWA_ENABLED=0 LATE_QAT=0 TTT_ENABLED=0 CORE_START=3 CORE_END=8 NUM_PASSES=3 CORE_QUANT_ENABLED=0 /home/nesta/parameter-golf/.venv/bin/python3 train_gpt_recurrent.py --feedback-mode diagonal --feedback-rank 2 --residual-scale-init 0.5 --jacobian-proxy-weight 0.01
