
========================================
  NUM_PASSES=2 (30 steps)
========================================
logs/cb21ee17-0238-480a-bab1-31abb392b62f.txt
val_bpb:enabled tokenizer_kind=sentencepiece tokenizer_path=../../../data/tokenizers/fineweb_1024_bpe.model
train_loader:dataset:fineweb10B_sp1024 train_shards:10
val_loader:shards pattern=../../../data/datasets/fineweb10B_sp1024/fineweb_val_*.bin tokens:62021632
feedback: mode=diagonal rank=2 per_pass=False params=2560
recurrence: core_start=3 core_end=8 num_passes=2 stem=3 core=5 tail=3
model_params:26927198
mtp_num_heads:0 mtp_loss_weight:0.2 mtp_params:0
XSA:last_4 active_layers:[7, 8, 9, 10]
world_size:1 grad_accum_steps:8
sdp_backends:cudnn=False flash=True mem_efficient=False math=False
attention_mode:gqa num_heads:8 num_kv_heads:4
tie_embeddings:True embed_lr:0.035 head_lr:0.0 matrix_lr:0.025 scalar_lr:0.025
train_batch_tokens:786432 train_seq_len:2048 iterations:30 warmup_steps:5 max_wallclock_seconds:600.000
seed:1337
warmup_step:1/5
warmup_step:2/5
warmup_step:3/5
warmup_step:4/5
warmup_step:5/5
step:0/30 val_loss:6.9304 val_bpb:4.1046 train_time:0ms step_avg:0.02ms h_norms=['10183.1', '11332.4', '12572.0', '13909.5', '15221.6', '8143.6', '9246.7', '10423.1', '11669.9', '12876.1'] growth=['1.115', '1.113', '1.109', '1.106', '1.094', '1.148', '1.135', '1.127', '1.120', '1.103']
step:1/30 train_loss:6.9310 train_time:1964ms step_avg:1963.81ms
step:2/30 train_loss:8.5267 train_time:3903ms step_avg:1951.36ms
step:3/30 train_loss:7.6283 train_time:5874ms step_avg:1957.95ms
step:4/30 train_loss:7.3204 train_time:7845ms step_avg:1961.15ms
step:5/30 train_loss:7.1282 train_time:9815ms step_avg:1963.01ms
step:6/30 train_loss:7.0823 train_time:11786ms step_avg:1964.30ms
step:7/30 train_loss:7.0694 train_time:13756ms step_avg:1965.15ms
step:8/30 train_loss:6.9485 train_time:15727ms step_avg:1965.93ms
step:9/30 train_loss:6.6023 train_time:17699ms step_avg:1966.53ms
step:10/30 train_loss:6.2459 train_time:19670ms step_avg:1967.04ms
step:15/30 val_loss:5.4370 val_bpb:3.2201 train_time:29560ms step_avg:1970.64ms h_norms=['13059.2', '15785.8', '19048.4', '22971.2', '27484.0', '9278.5', '11837.1', '14855.2', '18507.6', '22745.8'] growth=['1.208', '1.209', '1.207', '1.206', '1.196', '1.308', '1.276', '1.255', '1.246', '1.229']
step:20/30 train_loss:4.9597 train_time:39476ms step_avg:1973.82ms
step:30/30 train_loss:4.2722 train_time:59203ms step_avg:1973.44ms
step:30/30 val_loss:4.2093 val_bpb:2.4930 train_time:59236ms step_avg:1974.53ms h_norms=['16776.6', '19077.7', '22030.9', '25685.0', '30232.6', '9592.6', '12498.9', '15904.3', '19931.8', '24501.9'] growth=['1.114', '1.137', '1.155', '1.166', '1.177', '1.352', '1.303', '1.272', '1.253', '1.229']
peak memory allocated: 42782 MiB reserved: 44140 MiB
ema:applying EMA weights
DIAGNOSTIC post_ema val_loss:5.9546 val_bpb:3.5267 eval_time:54001ms
Serialized model: 106023671 bytes
Code size: 96617 bytes
Serialized model int6+lzma: 4716008 bytes
Total submission size int6+lzma: 4812625 bytes
final_int6_roundtrip val_loss:5.9865 val_bpb:3.5455 eval_time:53683ms
final_int6_roundtrip_exact val_loss:5.98646698 val_bpb:3.54552295
smoke_passes.sh: line 50: 203751 Killed                  env $COMMON_ENV NUM_PASSES=$PASSES $PYTHON train_gpt_recurrent.py --feedback-mode diagonal --feedback-rank 2 --residual-scale-init 0.5 --jacobian-proxy-weight 0.01
