=== Smoke test: same params as full run, 50 iterations, torch.compile ENABLED ===
logs/34b659e5-596a-4c30-9cca-d9e5659557e2.txt
val_bpb:enabled tokenizer_kind=sentencepiece tokenizer_path=../../../data/tokenizers/fineweb_1024_bpe.model
train_loader:dataset:fineweb10B_sp1024 train_shards:10
val_loader:shards pattern=../../../data/datasets/fineweb10B_sp1024/fineweb_val_*.bin tokens:62021632
feedback: mode=diagonal rank=2 per_pass=False params=2560
recurrence: core_start=3 core_end=8 num_passes=2 stem=3 core=5 tail=3
model_params:26927198
mtp_num_heads:0 mtp_loss_weight:0.2 mtp_params:0
XSA:last_4 active_layers:[7, 8, 9, 10]
world_size:1 grad_accum_steps:8
sdp_backends:cudnn=False flash=True mem_efficient=False math=False
attention_mode:gqa num_heads:8 num_kv_heads:4
tie_embeddings:True embed_lr:0.035 head_lr:0.0 matrix_lr:0.025 scalar_lr:0.025
train_batch_tokens:786432 train_seq_len:2048 iterations:50 warmup_steps:5 max_wallclock_seconds:600.000
seed:1337
warmup_step:1/5
warmup_step:2/5
warmup_step:3/5
warmup_step:4/5
warmup_step:5/5
step:0/50 val_loss:6.9304 val_bpb:4.1046 train_time:0ms step_avg:0.02ms
step:1/50 train_loss:6.9310 train_time:772ms step_avg:771.98ms
step:2/50 train_loss:8.5366 train_time:1533ms step_avg:766.72ms
step:3/50 train_loss:7.6283 train_time:2348ms step_avg:782.72ms
step:4/50 train_loss:7.3352 train_time:3157ms step_avg:789.28ms
step:5/50 train_loss:7.1457 train_time:3963ms step_avg:792.62ms
step:6/50 train_loss:7.0996 train_time:4777ms step_avg:796.13ms
step:7/50 train_loss:7.0716 train_time:5583ms step_avg:797.59ms
step:8/50 train_loss:6.9514 train_time:6393ms step_avg:799.14ms
step:9/50 train_loss:6.6007 train_time:7201ms step_avg:800.15ms
step:10/50 train_loss:6.2459 train_time:8013ms step_avg:801.34ms
step:20/50 train_loss:4.9217 train_time:16134ms step_avg:806.71ms
step:25/50 val_loss:4.4307 val_bpb:2.6241 train_time:20236ms step_avg:809.42ms
step:30/50 train_loss:4.2558 train_time:24275ms step_avg:809.16ms
step:40/50 train_loss:3.9787 train_time:32426ms step_avg:810.64ms
step:50/50 train_loss:3.7904 train_time:40586ms step_avg:811.73ms
step:50/50 val_loss:3.7588 val_bpb:2.2262 train_time:40624ms step_avg:812.48ms
peak memory allocated: 32531 MiB reserved: 32598 MiB
ema:applying EMA weights
DIAGNOSTIC post_ema val_loss:5.9162 val_bpb:3.5039 eval_time:20570ms
Serialized model: 106023671 bytes
Code size: 96617 bytes
Serialized model int6+lzma: 4808332 bytes
Total submission size int6+lzma: 4904949 bytes
final_int6_roundtrip val_loss:6.1231 val_bpb:3.6264 eval_time:25525ms
final_int6_roundtrip_exact val_loss:6.12306792 val_bpb:3.62642572
smoke_test.sh: line 55: 201409 Killed                  PYTHONUNBUFFERED=1 DATA_PATH="../../../data/datasets/fineweb10B_sp1024" TOKENIZER_PATH="../../../data/tokenizers/fineweb_1024_bpe.model" SEED=1337 ITERATIONS=50 MAX_WALLCLOCK_SECONDS=600 VAL_LOSS_EVERY=25 TRAIN_LOG_EVERY=10 WARMUP_STEPS=5 WARMDOWN_ITERS=10 TRAIN_BATCH_TOKENS=786432 TRAIN_SEQ_LEN=2048 EVAL_SEQ_LEN=2048 EVAL_STRIDE=0 NUM_LAYERS=11 MODEL_DIM=512 NUM_HEADS=8 NUM_KV_HEADS=4 BIGRAM_VOCAB_SIZE=1536 XSA_LAST_N=4 ROPE_DIMS=16 LN_SCALE=1 VE_ENABLED=1 VE_DIM=128 VE_LAYERS="9,10" MATRIX_LR=0.025 SCALAR_LR=0.025 TIED_EMBED_LR=0.035 MUON_MOMENTUM=0.99 MUON_MOMENTUM_WARMUP_START=0.92 MUON_MOMENTUM_WARMUP_STEPS=5 MUON_WD=0.04 ADAM_WD=0.04 GRAD_CLIP_NORM=0.3 SWA_ENABLED=1 SWA_EVERY=10 LATE_QAT=0 TTT_ENABLED=0 CORE_START=3 CORE_END=8 NUM_PASSES=2 CORE_QUANT_ENABLED=0 $PYTHON train_gpt_recurrent.py --feedback-mode diagonal --feedback-rank 2 --residual-scale-init 0.5 --jacobian-proxy-weight 0.01
