logs/6b6eee3d-3f48-4b4f-b563-24382676c38d.txt
val_bpb:enabled tokenizer_kind=sentencepiece tokenizer_path=../../../data/tokenizers/fineweb_1024_bpe.model
train_loader:dataset:fineweb10B_sp1024 train_shards:10
val_loader:shards pattern=../../../data/datasets/fineweb10B_sp1024/fineweb_val_*.bin tokens:62021632
feedback: mode=diagonal rank=2 per_pass=False params=2560
recurrence: core_start=3 core_end=8 num_passes=5 stem=3 core=5 tail=3
model_params:26927201
mtp_num_heads:0 mtp_loss_weight:0.2 mtp_params:0
XSA:last_4 active_layers:[8, 9, 10]
world_size:1 grad_accum_steps:8
sdp_backends:cudnn=False flash=True mem_efficient=False math=False
attention_mode:gqa num_heads:8 num_kv_heads:4
tie_embeddings:True embed_lr:0.035 head_lr:0.0 matrix_lr:0.025 scalar_lr:0.025
train_batch_tokens:786432 train_seq_len:2048 iterations:50 warmup_steps:5 max_wallclock_seconds:900.000
seed:1337
wandb: [wandb.login()] Loaded credentials for https://api.wandb.ai from WANDB_API_KEY.
wandb: Currently logged in as: nesta-midavaine (propensity) to https://api.wandb.ai. Use `wandb login --relogin` to force relogin
wandb: WARNING Using a boolean value for 'reinit' is deprecated. Use 'return_previous' or 'finish_previous' instead.
wandb: setting up run ce1th47g
wandb: Tracking run with wandb version 0.25.1
wandb: Run data is saved locally in /home/nesta/parameter-golf/records/track_10min_16mb/2026-03-26_RecurrentSOTA_Feedback/wandb/run-20260326_130804-ce1th47g
wandb: Run `wandb offline` to turn off syncing.
wandb: Syncing run sweep_5pass_noRMS_j0.1
wandb: ⭐️ View project at https://wandb.ai/propensity/parameter-golf
wandb: 🚀 View run at https://wandb.ai/propensity/parameter-golf/runs/ce1th47g
wandb:initialized
warmup_step:1/5
warmup_step:2/5
warmup_step:3/5
warmup_step:4/5
warmup_step:5/5
step:0/50 val_loss:6.9304 val_bpb:4.1046 train_time:0ms step_avg:0.02ms h_norms=['9697.0', '10451.6', '11267.2', '12136.6', '13066.3', '14092.3', '15164.6', '16287.1', '17473.2', '18730.2', '17176.6', '18430.5', '19751.7', '21150.8', '22632.8', '20820.9', '22301.9', '23864.0', '25513.0', '27242.6', '25115.3', '26855.7', '28683.3', '30605.1', '32620.9'] growth=['1.076', '1.078', '1.078', '1.077', '1.077', '1.079', '1.076', '1.074', '1.073', '1.072', '1.075', '1.073', '1.072', '1.071', '1.070', '1.072', '1.071', '1.070', '1.069', '1.068', '1.070', '1.069', '1.068', '1.067', '1.066']
step:1/50 train_loss:6.9310 train_time:3595ms step_avg:3594.71ms
step:2/50 train_loss:8.2519 train_time:7178ms step_avg:3588.94ms
step:3/50 train_loss:7.4903 train_time:10793ms step_avg:3597.54ms
step:4/50 train_loss:7.6972 train_time:14409ms step_avg:3602.19ms
step:5/50 train_loss:7.4012 train_time:18024ms step_avg:3604.78ms
step:6/50 train_loss:7.0545 train_time:21640ms step_avg:3606.66ms
step:7/50 train_loss:6.8316 train_time:25257ms step_avg:3608.12ms
step:8/50 train_loss:6.7797 train_time:28873ms step_avg:3609.17ms
step:9/50 train_loss:6.4829 train_time:32490ms step_avg:3610.01ms
step:10/50 train_loss:6.1437 train_time:36108ms step_avg:3610.80ms
step:20/50 train_loss:4.7380 train_time:72276ms step_avg:3613.81ms
step:25/50 val_loss:4.3185 val_bpb:2.5577 train_time:90403ms step_avg:3616.13ms h_norms=['12234.1', '10923.7', '9965.4', '9287.7', '8892.1', '8588.1', '8375.3', '8299.3', '8339.8', '8524.9', '8358.5', '8246.4', '8260.4', '8384.4', '8644.6', '8290.1', '8234.7', '8305.1', '8486.1', '8800.2', '8326.9', '8299.6', '8403.4', '8622.6', '8975.6'] growth=['0.878', '0.893', '0.912', '0.932', '0.957', '0.966', '0.975', '0.991', '1.005', '1.022', '0.978', '0.987', '1.002', '1.015', '1.031', '0.985', '0.993', '1.009', '1.022', '1.037', '0.988', '0.997', '1.013', '1.026', '1.041']
step:30/50 train_loss:4.1582 train_time:108463ms step_avg:3615.44ms
step:40/50 train_loss:3.8947 train_time:144657ms step_avg:3616.43ms
step:50/50 train_loss:3.7328 train_time:180990ms step_avg:3619.81ms
step:50/50 val_loss:3.6922 val_bpb:2.1867 train_time:181025ms step_avg:3620.49ms h_norms=['17283.6', '14695.4', '12995.7', '11901.6', '11252.4', '11294.1', '11357.9', '11432.8', '11508.8', '11635.1', '11340.6', '11532.3', '11678.7', '11798.8', '11950.4', '11501.0', '11757.0', '11936.4', '12077.0', '12238.6', '11722.3', '12001.2', '12189.6', '12335.8', '12498.2'] growth=['0.819', '0.850', '0.884', '0.916', '0.945', '1.004', '1.006', '1.007', '1.007', '1.011', '1.023', '1.017', '1.013', '1.010', '1.013', '1.034', '1.022', '1.015', '1.012', '1.013', '1.038', '1.024', '1.016', '1.012', '1.013']
peak memory allocated: 78629 MiB reserved: 79984 MiB
ema:applying EMA weights
DIAGNOSTIC post_ema val_loss:5.9839 val_bpb:3.5440 eval_time:98671ms
Serialized model: 106023671 bytes
Code size: 99082 bytes
Serialized model int6+lzma: 4803484 bytes
Total submission size int6+lzma: 4902566 bytes
final_int6_roundtrip val_loss:6.1921 val_bpb:3.6673 eval_time:98102ms
final_int6_roundtrip_exact val_loss:6.19214207 val_bpb:3.66733532
wandb: updating run metadata
wandb: uploading history steps 15-15, summary, console lines 30-31
wandb: 
wandb: Run history:
wandb:    lr_scale ▁▁▁▁▁▁▁▁▁▁▁▁▁▁
wandb: step_avg_ms ▂▁▃▄▅▅▅▆▆▆▇▇▇█
wandb:  train_loss ▆█▇▇▇▆▆▆▅▅▃▂▁▁
wandb:     val_bpb █▂▁
wandb:    val_loss █▂▁
wandb: 
wandb: Run summary:
wandb:    lr_scale 1
wandb: step_avg_ms 3619.80867
wandb:  train_loss 3.73278
wandb:     val_bpb 2.18674
wandb:    val_loss 3.69221
wandb: 
wandb: 🚀 View run sweep_5pass_noRMS_j0.1 at: https://wandb.ai/propensity/parameter-golf/runs/ce1th47g
wandb: ⭐️ View project at: https://wandb.ai/propensity/parameter-golf
wandb: Synced 5 W&B file(s), 0 media file(s), 0 artifact file(s) and 0 other file(s)
wandb: Find logs at: ./wandb/run-20260326_130804-ce1th47g/logs
